Classic Timing Analyzer report for EXP1
Mon Dec 04 20:25:06 2017
Quartus II Version 8.1 Build 163 10/28/2008 SJ Web Edition


---------------------
; Table of Contents ;
---------------------
  1. Legal Notice
  2. Timing Analyzer Summary
  3. Timing Analyzer Settings
  4. Clock Settings Summary
  5. Clock Setup: 'CLK'
  6. tsu
  7. tco
  8. tpd
  9. th
 10. Timing Analyzer Messages



----------------
; Legal Notice ;
----------------
Copyright (C) 1991-2008 Altera Corporation
Your use of Altera Corporation's design tools, logic functions 
and other software and tools, and its AMPP partner logic 
functions, and any output files from any of the foregoing 
(including device programming or simulation files), and any 
associated documentation or information are expressly subject 
to the terms and conditions of the Altera Program License 
Subscription Agreement, Altera MegaCore Function License 
Agreement, or other applicable license agreement, including, 
without limitation, that your use is for the sole purpose of 
programming logic devices manufactured by Altera and sold by 
Altera or its authorized distributors.  Please refer to the 
applicable agreement for further details.



+-------------------------------------------------------------------------------------------------------------------------------------------------------------------+
; Timing Analyzer Summary                                                                                                                                           ;
+------------------------------+-------+---------------+----------------------------------+----------------+-----------------+------------+----------+--------------+
; Type                         ; Slack ; Required Time ; Actual Time                      ; From           ; To              ; From Clock ; To Clock ; Failed Paths ;
+------------------------------+-------+---------------+----------------------------------+----------------+-----------------+------------+----------+--------------+
; Worst-case tsu               ; N/A   ; None          ; 11.800 ns                        ; S1             ; Reg:inst7|inst8 ; --         ; CLK      ; 0            ;
; Worst-case tco               ; N/A   ; None          ; 15.892 ns                        ; Reg:inst|inst3 ; AO4             ; SelA       ; --       ; 0            ;
; Worst-case tpd               ; N/A   ; None          ; 7.101 ns                         ; CLK            ; CPuIR           ; --         ; --       ; 0            ;
; Worst-case th                ; N/A   ; None          ; 1.176 ns                         ; A2             ; Reg:inst6|inst5 ; --         ; SelB     ; 0            ;
; Clock Setup: 'CLK'           ; N/A   ; None          ; 75.10 MHz ( period = 13.316 ns ) ; Reg:inst|inst7 ; Reg:inst7|inst8 ; CLK        ; CLK      ; 0            ;
; Total number of failed paths ;       ;               ;                                  ;                ;                 ;            ;          ; 0            ;
+------------------------------+-------+---------------+----------------------------------+----------------+-----------------+------------+----------+--------------+


+--------------------------------------------------------------------------------------------------------------------+
; Timing Analyzer Settings                                                                                           ;
+---------------------------------------------------------------------+--------------------+------+----+-------------+
; Option                                                              ; Setting            ; From ; To ; Entity Name ;
+---------------------------------------------------------------------+--------------------+------+----+-------------+
; Device Name                                                         ; EP2C8Q208C8        ;      ;    ;             ;
; Timing Models                                                       ; Final              ;      ;    ;             ;
; Default hold multicycle                                             ; Same as Multicycle ;      ;    ;             ;
; Cut paths between unrelated clock domains                           ; On                 ;      ;    ;             ;
; Cut off read during write signal paths                              ; On                 ;      ;    ;             ;
; Cut off feedback from I/O pins                                      ; On                 ;      ;    ;             ;
; Report Combined Fast/Slow Timing                                    ; Off                ;      ;    ;             ;
; Ignore Clock Settings                                               ; Off                ;      ;    ;             ;
; Analyze latches as synchronous elements                             ; On                 ;      ;    ;             ;
; Enable Recovery/Removal analysis                                    ; Off                ;      ;    ;             ;
; Enable Clock Latency                                                ; Off                ;      ;    ;             ;
; Use TimeQuest Timing Analyzer                                       ; Off                ;      ;    ;             ;
; Minimum Core Junction Temperature                                   ; 0                  ;      ;    ;             ;
; Maximum Core Junction Temperature                                   ; 85                 ;      ;    ;             ;
; Number of source nodes to report per destination node               ; 10                 ;      ;    ;             ;
; Number of destination nodes to report                               ; 10                 ;      ;    ;             ;
; Number of paths to report                                           ; 200                ;      ;    ;             ;
; Report Minimum Timing Checks                                        ; Off                ;      ;    ;             ;
; Use Fast Timing Models                                              ; Off                ;      ;    ;             ;
; Report IO Paths Separately                                          ; Off                ;      ;    ;             ;
; Perform Multicorner Analysis                                        ; On                 ;      ;    ;             ;
; Reports the worst-case path for each clock domain and analysis      ; Off                ;      ;    ;             ;
; Removes common clock path pessimism (CCPP) during slack computation ; Off                ;      ;    ;             ;
; Output I/O Timing Endpoint                                          ; Near End           ;      ;    ;             ;
+---------------------------------------------------------------------+--------------------+------+----+-------------+


+------------------------------------------------------------------------------------------------------------------------------------------------------------------------------------+
; Clock Settings Summary                                                                                                                                                             ;
+-----------------+--------------------+----------+------------------+---------------+--------------+----------+-----------------------+---------------------+--------+--------------+
; Clock Node Name ; Clock Setting Name ; Type     ; Fmax Requirement ; Early Latency ; Late Latency ; Based on ; Multiply Base Fmax by ; Divide Base Fmax by ; Offset ; Phase offset ;
+-----------------+--------------------+----------+------------------+---------------+--------------+----------+-----------------------+---------------------+--------+--------------+
; SelO            ;                    ; User Pin ; None             ; 0.000 ns      ; 0.000 ns     ; --       ; N/A                   ; N/A                 ; N/A    ;              ;
; CLK             ;                    ; User Pin ; None             ; 0.000 ns      ; 0.000 ns     ; --       ; N/A                   ; N/A                 ; N/A    ;              ;
; SelA            ;                    ; User Pin ; None             ; 0.000 ns      ; 0.000 ns     ; --       ; N/A                   ; N/A                 ; N/A    ;              ;
; SelB            ;                    ; User Pin ; None             ; 0.000 ns      ; 0.000 ns     ; --       ; N/A                   ; N/A                 ; N/A    ;              ;
+-----------------+--------------------+----------+------------------+---------------+--------------+----------+-----------------------+---------------------+--------+--------------+


+----------------------------------------------------------------------------------------------------------------------------------------------------------------------------------------------------------------------------------------------------+
; Clock Setup: 'CLK'                                                                                                                                                                                                                                 ;
+-------+------------------------------------------------+---------------------------------------+---------------------------------------+------------+----------+-----------------------------+---------------------------+-------------------------+
; Slack ; Actual fmax (period)                           ; From                                  ; To                                    ; From Clock ; To Clock ; Required Setup Relationship ; Required Longest P2P Time ; Actual Longest P2P Time ;
+-------+------------------------------------------------+---------------------------------------+---------------------------------------+------------+----------+-----------------------------+---------------------------+-------------------------+
; N/A   ; 75.10 MHz ( period = 13.316 ns )               ; Reg:inst|inst7                        ; Reg:inst7|inst8                       ; CLK        ; CLK      ; None                        ; None                      ; 12.932 ns               ;
; N/A   ; 75.14 MHz ( period = 13.309 ns )               ; Reg:inst|inst7                        ; Reg:inst7|inst3                       ; CLK        ; CLK      ; None                        ; None                      ; 12.916 ns               ;
; N/A   ; 75.87 MHz ( period = 13.181 ns )               ; Reg:inst|inst8                        ; Reg:inst7|inst8                       ; CLK        ; CLK      ; None                        ; None                      ; 12.797 ns               ;
; N/A   ; 77.94 MHz ( period = 12.831 ns )               ; Reg:inst|inst8                        ; Reg:inst7|inst3                       ; CLK        ; CLK      ; None                        ; None                      ; 12.438 ns               ;
; N/A   ; 78.62 MHz ( period = 12.719 ns )               ; Reg:inst6|inst8                       ; Reg:inst7|inst8                       ; CLK        ; CLK      ; None                        ; None                      ; 12.625 ns               ;
; N/A   ; 81.13 MHz ( period = 12.326 ns )               ; Reg:inst6|inst7                       ; Reg:inst7|inst8                       ; CLK        ; CLK      ; None                        ; None                      ; 12.270 ns               ;
; N/A   ; 81.18 MHz ( period = 12.319 ns )               ; Reg:inst6|inst7                       ; Reg:inst7|inst3                       ; CLK        ; CLK      ; None                        ; None                      ; 12.254 ns               ;
; N/A   ; 81.67 MHz ( period = 12.245 ns )               ; Reg:inst|inst5                        ; Reg:inst7|inst8                       ; CLK        ; CLK      ; None                        ; None                      ; 11.834 ns               ;
; N/A   ; 81.71 MHz ( period = 12.238 ns )               ; Reg:inst|inst5                        ; Reg:inst7|inst3                       ; CLK        ; CLK      ; None                        ; None                      ; 11.818 ns               ;
; N/A   ; 82.06 MHz ( period = 12.186 ns )               ; Reg:inst|inst7                        ; Reg:inst7|inst5                       ; CLK        ; CLK      ; None                        ; None                      ; 11.813 ns               ;
; N/A   ; 82.07 MHz ( period = 12.184 ns )               ; Reg:inst6|inst8                       ; Reg:inst7|inst3                       ; CLK        ; CLK      ; None                        ; None                      ; 12.081 ns               ;
; N/A   ; 84.56 MHz ( period = 11.826 ns )               ; Reg:inst|inst7                        ; Reg:inst7|inst                        ; CLK        ; CLK      ; None                        ; None                      ; 11.455 ns               ;
; N/A   ; 84.60 MHz ( period = 11.821 ns )               ; Reg:inst|inst8                        ; Reg:inst7|inst2                       ; CLK        ; CLK      ; None                        ; None                      ; 11.450 ns               ;
; N/A   ; 84.60 MHz ( period = 11.820 ns )               ; Reg:inst|inst7                        ; Reg:inst7|inst7                       ; CLK        ; CLK      ; None                        ; None                      ; 11.449 ns               ;
; N/A   ; 85.41 MHz ( period = 11.708 ns )               ; Reg:inst|inst8                        ; Reg:inst7|inst5                       ; CLK        ; CLK      ; None                        ; None                      ; 11.335 ns               ;
; N/A   ; 85.63 MHz ( period = 11.678 ns )               ; Reg:inst|inst7                        ; Reg:inst7|inst4                       ; CLK        ; CLK      ; None                        ; None                      ; 11.307 ns               ;
; N/A   ; 85.72 MHz ( period = 11.666 ns )               ; Reg:inst|inst7                        ; Reg:inst7|inst2                       ; CLK        ; CLK      ; None                        ; None                      ; 11.295 ns               ;
; N/A   ; 86.04 MHz ( period = 11.623 ns )               ; Reg:inst|inst7                        ; Reg:inst7|inst1                       ; CLK        ; CLK      ; None                        ; None                      ; 11.250 ns               ;
; N/A   ; 87.84 MHz ( period = 11.384 ns )               ; Reg:inst6|inst5                       ; Reg:inst7|inst8                       ; CLK        ; CLK      ; None                        ; None                      ; 11.290 ns               ;
; N/A   ; 87.90 MHz ( period = 11.377 ns )               ; Reg:inst6|inst5                       ; Reg:inst7|inst3                       ; CLK        ; CLK      ; None                        ; None                      ; 11.274 ns               ;
; N/A   ; 88.12 MHz ( period = 11.348 ns )               ; Reg:inst|inst8                        ; Reg:inst7|inst                        ; CLK        ; CLK      ; None                        ; None                      ; 10.977 ns               ;
; N/A   ; 88.17 MHz ( period = 11.342 ns )               ; Reg:inst|inst8                        ; Reg:inst7|inst7                       ; CLK        ; CLK      ; None                        ; None                      ; 10.971 ns               ;
; N/A   ; 88.43 MHz ( period = 11.309 ns )               ; Reg:inst6|inst7                       ; Reg:inst7|inst2                       ; CLK        ; CLK      ; None                        ; None                      ; 11.266 ns               ;
; N/A   ; 89.29 MHz ( period = 11.200 ns )               ; Reg:inst|inst8                        ; Reg:inst7|inst4                       ; CLK        ; CLK      ; None                        ; None                      ; 10.829 ns               ;
; N/A   ; 89.32 MHz ( period = 11.196 ns )               ; Reg:inst6|inst7                       ; Reg:inst7|inst5                       ; CLK        ; CLK      ; None                        ; None                      ; 11.151 ns               ;
; N/A   ; 89.49 MHz ( period = 11.174 ns )               ; Reg:inst6|inst8                       ; Reg:inst7|inst2                       ; CLK        ; CLK      ; None                        ; None                      ; 11.093 ns               ;
; N/A   ; 89.73 MHz ( period = 11.145 ns )               ; Reg:inst|inst8                        ; Reg:inst7|inst1                       ; CLK        ; CLK      ; None                        ; None                      ; 10.772 ns               ;
; N/A   ; 89.97 MHz ( period = 11.115 ns )               ; Reg:inst|inst5                        ; Reg:inst7|inst5                       ; CLK        ; CLK      ; None                        ; None                      ; 10.715 ns               ;
; N/A   ; 90.41 MHz ( period = 11.061 ns )               ; Reg:inst6|inst8                       ; Reg:inst7|inst5                       ; CLK        ; CLK      ; None                        ; None                      ; 10.978 ns               ;
; N/A   ; 90.50 MHz ( period = 11.050 ns )               ; Reg:inst|inst4                        ; Reg:inst7|inst8                       ; CLK        ; CLK      ; None                        ; None                      ; 10.639 ns               ;
; N/A   ; 90.56 MHz ( period = 11.043 ns )               ; Reg:inst|inst4                        ; Reg:inst7|inst3                       ; CLK        ; CLK      ; None                        ; None                      ; 10.623 ns               ;
; N/A   ; 90.61 MHz ( period = 11.036 ns )               ; Reg:inst|inst2                        ; Reg:inst7|inst8                       ; CLK        ; CLK      ; None                        ; None                      ; 10.625 ns               ;
; N/A   ; 90.67 MHz ( period = 11.029 ns )               ; Reg:inst|inst2                        ; Reg:inst7|inst3                       ; CLK        ; CLK      ; None                        ; None                      ; 10.609 ns               ;
; N/A   ; 92.28 MHz ( period = 10.836 ns )               ; Reg:inst6|inst7                       ; Reg:inst7|inst                        ; CLK        ; CLK      ; None                        ; None                      ; 10.793 ns               ;
; N/A   ; 92.34 MHz ( period = 10.830 ns )               ; Reg:inst6|inst7                       ; Reg:inst7|inst7                       ; CLK        ; CLK      ; None                        ; None                      ; 10.787 ns               ;
; N/A   ; 92.98 MHz ( period = 10.755 ns )               ; Reg:inst|inst5                        ; Reg:inst7|inst                        ; CLK        ; CLK      ; None                        ; None                      ; 10.357 ns               ;
; N/A   ; 93.03 MHz ( period = 10.749 ns )               ; Reg:inst|inst5                        ; Reg:inst7|inst7                       ; CLK        ; CLK      ; None                        ; None                      ; 10.351 ns               ;
; N/A   ; 93.22 MHz ( period = 10.727 ns )               ; Reg:inst6|inst4                       ; Reg:inst7|inst8                       ; CLK        ; CLK      ; None                        ; None                      ; 10.633 ns               ;
; N/A   ; 93.28 MHz ( period = 10.720 ns )               ; Reg:inst6|inst4                       ; Reg:inst7|inst3                       ; CLK        ; CLK      ; None                        ; None                      ; 10.617 ns               ;
; N/A   ; 93.45 MHz ( period = 10.701 ns )               ; Reg:inst6|inst8                       ; Reg:inst7|inst                        ; CLK        ; CLK      ; None                        ; None                      ; 10.620 ns               ;
; N/A   ; 93.50 MHz ( period = 10.695 ns )               ; Reg:inst6|inst8                       ; Reg:inst7|inst7                       ; CLK        ; CLK      ; None                        ; None                      ; 10.614 ns               ;
; N/A   ; 93.50 MHz ( period = 10.695 ns )               ; Reg:inst|inst3                        ; Reg:inst7|inst8                       ; CLK        ; CLK      ; None                        ; None                      ; 10.284 ns               ;
; N/A   ; 93.56 MHz ( period = 10.688 ns )               ; Reg:inst|inst3                        ; Reg:inst7|inst3                       ; CLK        ; CLK      ; None                        ; None                      ; 10.268 ns               ;
; N/A   ; 93.56 MHz ( period = 10.688 ns )               ; Reg:inst6|inst7                       ; Reg:inst7|inst4                       ; CLK        ; CLK      ; None                        ; None                      ; 10.645 ns               ;
; N/A   ; 94.05 MHz ( period = 10.633 ns )               ; Reg:inst6|inst7                       ; Reg:inst7|inst1                       ; CLK        ; CLK      ; None                        ; None                      ; 10.588 ns               ;
; N/A   ; 94.28 MHz ( period = 10.607 ns )               ; Reg:inst|inst5                        ; Reg:inst7|inst4                       ; CLK        ; CLK      ; None                        ; None                      ; 10.209 ns               ;
; N/A   ; 94.38 MHz ( period = 10.595 ns )               ; Reg:inst|inst5                        ; Reg:inst7|inst2                       ; CLK        ; CLK      ; None                        ; None                      ; 10.197 ns               ;
; N/A   ; 94.76 MHz ( period = 10.553 ns )               ; Reg:inst6|inst8                       ; Reg:inst7|inst4                       ; CLK        ; CLK      ; None                        ; None                      ; 10.472 ns               ;
; N/A   ; 94.77 MHz ( period = 10.552 ns )               ; Reg:inst|inst5                        ; Reg:inst7|inst1                       ; CLK        ; CLK      ; None                        ; None                      ; 10.152 ns               ;
; N/A   ; 95.26 MHz ( period = 10.498 ns )               ; Reg:inst6|inst8                       ; Reg:inst7|inst1                       ; CLK        ; CLK      ; None                        ; None                      ; 10.415 ns               ;
; N/A   ; 95.34 MHz ( period = 10.489 ns )               ; Reg:inst6|inst3                       ; Reg:inst7|inst8                       ; CLK        ; CLK      ; None                        ; None                      ; 10.395 ns               ;
; N/A   ; 96.39 MHz ( period = 10.375 ns )               ; Reg:inst6|inst3                       ; Reg:inst7|inst3                       ; CLK        ; CLK      ; None                        ; None                      ; 10.272 ns               ;
; N/A   ; 97.52 MHz ( period = 10.254 ns )               ; Reg:inst6|inst5                       ; Reg:inst7|inst5                       ; CLK        ; CLK      ; None                        ; None                      ; 10.171 ns               ;
; N/A   ; 100.81 MHz ( period = 9.920 ns )               ; Reg:inst|inst4                        ; Reg:inst7|inst5                       ; CLK        ; CLK      ; None                        ; None                      ; 9.520 ns                ;
; N/A   ; 100.82 MHz ( period = 9.919 ns )               ; Reg:inst|inst3                        ; Reg:inst7|inst2                       ; CLK        ; CLK      ; None                        ; None                      ; 9.521 ns                ;
; N/A   ; 100.95 MHz ( period = 9.906 ns )               ; Reg:inst|inst2                        ; Reg:inst7|inst5                       ; CLK        ; CLK      ; None                        ; None                      ; 9.506 ns                ;
; N/A   ; 101.07 MHz ( period = 9.894 ns )               ; Reg:inst6|inst5                       ; Reg:inst7|inst                        ; CLK        ; CLK      ; None                        ; None                      ; 9.813 ns                ;
; N/A   ; 101.13 MHz ( period = 9.888 ns )               ; Reg:inst6|inst5                       ; Reg:inst7|inst7                       ; CLK        ; CLK      ; None                        ; None                      ; 9.807 ns                ;
; N/A   ; 101.66 MHz ( period = 9.837 ns )               ; Reg:inst|inst3                        ; Reg:inst7|inst4                       ; CLK        ; CLK      ; None                        ; None                      ; 9.439 ns                ;
; N/A   ; 101.80 MHz ( period = 9.823 ns )               ; Reg:inst6|inst2                       ; Reg:inst7|inst8                       ; CLK        ; CLK      ; None                        ; None                      ; 9.729 ns                ;
; N/A   ; 101.87 MHz ( period = 9.816 ns )               ; Reg:inst6|inst2                       ; Reg:inst7|inst3                       ; CLK        ; CLK      ; None                        ; None                      ; 9.713 ns                ;
; N/A   ; 102.46 MHz ( period = 9.760 ns )               ; Reg:inst6|inst3                       ; Reg:inst7|inst2                       ; CLK        ; CLK      ; None                        ; None                      ; 9.679 ns                ;
; N/A   ; 102.61 MHz ( period = 9.746 ns )               ; Reg:inst6|inst5                       ; Reg:inst7|inst4                       ; CLK        ; CLK      ; None                        ; None                      ; 9.665 ns                ;
; N/A   ; 102.73 MHz ( period = 9.734 ns )               ; Reg:inst6|inst5                       ; Reg:inst7|inst2                       ; CLK        ; CLK      ; None                        ; None                      ; 9.653 ns                ;
; N/A   ; 103.19 MHz ( period = 9.691 ns )               ; Reg:inst6|inst5                       ; Reg:inst7|inst1                       ; CLK        ; CLK      ; None                        ; None                      ; 9.608 ns                ;
; N/A   ; 103.40 MHz ( period = 9.671 ns )               ; Reg:inst6|inst3                       ; Reg:inst7|inst4                       ; CLK        ; CLK      ; None                        ; None                      ; 9.590 ns                ;
; N/A   ; 104.20 MHz ( period = 9.597 ns )               ; Reg:inst6|inst4                       ; Reg:inst7|inst5                       ; CLK        ; CLK      ; None                        ; None                      ; 9.514 ns                ;
; N/A   ; 104.52 MHz ( period = 9.568 ns )               ; Reg:inst6|inst                        ; Reg:inst7|inst8                       ; CLK        ; CLK      ; None                        ; None                      ; 9.474 ns                ;
; N/A   ; 104.55 MHz ( period = 9.565 ns )               ; Reg:inst|inst3                        ; Reg:inst7|inst5                       ; CLK        ; CLK      ; None                        ; None                      ; 9.165 ns                ;
; N/A   ; 104.59 MHz ( period = 9.561 ns )               ; Reg:inst6|inst                        ; Reg:inst7|inst3                       ; CLK        ; CLK      ; None                        ; None                      ; 9.458 ns                ;
; N/A   ; 104.60 MHz ( period = 9.560 ns )               ; Reg:inst|inst4                        ; Reg:inst7|inst                        ; CLK        ; CLK      ; None                        ; None                      ; 9.162 ns                ;
; N/A   ; 104.67 MHz ( period = 9.554 ns )               ; Reg:inst|inst4                        ; Reg:inst7|inst7                       ; CLK        ; CLK      ; None                        ; None                      ; 9.156 ns                ;
; N/A   ; 104.76 MHz ( period = 9.546 ns )               ; Reg:inst|inst2                        ; Reg:inst7|inst                        ; CLK        ; CLK      ; None                        ; None                      ; 9.148 ns                ;
; N/A   ; 104.82 MHz ( period = 9.540 ns )               ; Reg:inst|inst2                        ; Reg:inst7|inst7                       ; CLK        ; CLK      ; None                        ; None                      ; 9.142 ns                ;
; N/A   ; 106.25 MHz ( period = 9.412 ns )               ; Reg:inst|inst4                        ; Reg:inst7|inst4                       ; CLK        ; CLK      ; None                        ; None                      ; 9.014 ns                ;
; N/A   ; 106.38 MHz ( period = 9.400 ns )               ; Reg:inst|inst4                        ; Reg:inst7|inst2                       ; CLK        ; CLK      ; None                        ; None                      ; 9.002 ns                ;
; N/A   ; 106.41 MHz ( period = 9.398 ns )               ; Reg:inst|inst2                        ; Reg:inst7|inst4                       ; CLK        ; CLK      ; None                        ; None                      ; 9.000 ns                ;
; N/A   ; 106.54 MHz ( period = 9.386 ns )               ; Reg:inst|inst2                        ; Reg:inst7|inst2                       ; CLK        ; CLK      ; None                        ; None                      ; 8.988 ns                ;
; N/A   ; 106.58 MHz ( period = 9.383 ns )               ; Reg:inst|inst3                        ; Reg:inst7|inst                        ; CLK        ; CLK      ; None                        ; None                      ; 8.985 ns                ;
; N/A   ; 106.64 MHz ( period = 9.377 ns )               ; Reg:inst|inst3                        ; Reg:inst7|inst7                       ; CLK        ; CLK      ; None                        ; None                      ; 8.979 ns                ;
; N/A   ; 106.87 MHz ( period = 9.357 ns )               ; Reg:inst|inst4                        ; Reg:inst7|inst1                       ; CLK        ; CLK      ; None                        ; None                      ; 8.957 ns                ;
; N/A   ; 107.03 MHz ( period = 9.343 ns )               ; Reg:inst|inst2                        ; Reg:inst7|inst1                       ; CLK        ; CLK      ; None                        ; None                      ; 8.943 ns                ;
; N/A   ; 108.08 MHz ( period = 9.252 ns )               ; Reg:inst6|inst3                       ; Reg:inst7|inst5                       ; CLK        ; CLK      ; None                        ; None                      ; 9.169 ns                ;
; N/A   ; 108.26 MHz ( period = 9.237 ns )               ; Reg:inst6|inst4                       ; Reg:inst7|inst                        ; CLK        ; CLK      ; None                        ; None                      ; 9.156 ns                ;
; N/A   ; 108.33 MHz ( period = 9.231 ns )               ; Reg:inst6|inst4                       ; Reg:inst7|inst7                       ; CLK        ; CLK      ; None                        ; None                      ; 9.150 ns                ;
; N/A   ; 108.50 MHz ( period = 9.217 ns )               ; Reg:inst6|inst3                       ; Reg:inst7|inst                        ; CLK        ; CLK      ; None                        ; None                      ; 9.136 ns                ;
; N/A   ; 108.57 MHz ( period = 9.211 ns )               ; Reg:inst6|inst3                       ; Reg:inst7|inst7                       ; CLK        ; CLK      ; None                        ; None                      ; 9.130 ns                ;
; N/A   ; 110.02 MHz ( period = 9.089 ns )               ; Reg:inst6|inst4                       ; Reg:inst7|inst4                       ; CLK        ; CLK      ; None                        ; None                      ; 9.008 ns                ;
; N/A   ; 110.17 MHz ( period = 9.077 ns )               ; Reg:inst6|inst4                       ; Reg:inst7|inst2                       ; CLK        ; CLK      ; None                        ; None                      ; 8.996 ns                ;
; N/A   ; 110.69 MHz ( period = 9.034 ns )               ; Reg:inst6|inst4                       ; Reg:inst7|inst1                       ; CLK        ; CLK      ; None                        ; None                      ; 8.951 ns                ;
; N/A   ; 111.09 MHz ( period = 9.002 ns )               ; Reg:inst|inst3                        ; Reg:inst7|inst1                       ; CLK        ; CLK      ; None                        ; None                      ; 8.602 ns                ;
; N/A   ; 115.04 MHz ( period = 8.693 ns )               ; Reg:inst6|inst2                       ; Reg:inst7|inst5                       ; CLK        ; CLK      ; None                        ; None                      ; 8.610 ns                ;
; N/A   ; 115.09 MHz ( period = 8.689 ns )               ; Reg:inst6|inst3                       ; Reg:inst7|inst1                       ; CLK        ; CLK      ; None                        ; None                      ; 8.606 ns                ;
; N/A   ; 115.49 MHz ( period = 8.659 ns )               ; Reg:inst|inst                         ; Reg:inst7|inst8                       ; CLK        ; CLK      ; None                        ; None                      ; 8.248 ns                ;
; N/A   ; 115.58 MHz ( period = 8.652 ns )               ; Reg:inst|inst                         ; Reg:inst7|inst3                       ; CLK        ; CLK      ; None                        ; None                      ; 8.232 ns                ;
; N/A   ; 115.61 MHz ( period = 8.650 ns )               ; Reg:inst|inst1                        ; Reg:inst7|inst8                       ; CLK        ; CLK      ; None                        ; None                      ; 8.239 ns                ;
; N/A   ; 115.70 MHz ( period = 8.643 ns )               ; Reg:inst|inst1                        ; Reg:inst7|inst3                       ; CLK        ; CLK      ; None                        ; None                      ; 8.223 ns                ;
; N/A   ; 118.51 MHz ( period = 8.438 ns )               ; Reg:inst6|inst                        ; Reg:inst7|inst5                       ; CLK        ; CLK      ; None                        ; None                      ; 8.355 ns                ;
; N/A   ; 120.00 MHz ( period = 8.333 ns )               ; Reg:inst6|inst2                       ; Reg:inst7|inst                        ; CLK        ; CLK      ; None                        ; None                      ; 8.252 ns                ;
; N/A   ; 120.09 MHz ( period = 8.327 ns )               ; Reg:inst6|inst2                       ; Reg:inst7|inst7                       ; CLK        ; CLK      ; None                        ; None                      ; 8.246 ns                ;
; N/A   ; 122.17 MHz ( period = 8.185 ns )               ; Reg:inst6|inst2                       ; Reg:inst7|inst4                       ; CLK        ; CLK      ; None                        ; None                      ; 8.104 ns                ;
; N/A   ; 122.35 MHz ( period = 8.173 ns )               ; Reg:inst6|inst2                       ; Reg:inst7|inst2                       ; CLK        ; CLK      ; None                        ; None                      ; 8.092 ns                ;
; N/A   ; 123.00 MHz ( period = 8.130 ns )               ; Reg:inst6|inst2                       ; Reg:inst7|inst1                       ; CLK        ; CLK      ; None                        ; None                      ; 8.047 ns                ;
; N/A   ; 124.32 MHz ( period = 8.044 ns )               ; Reg:inst6|inst1                       ; Reg:inst7|inst8                       ; CLK        ; CLK      ; None                        ; None                      ; 7.950 ns                ;
; N/A   ; 124.42 MHz ( period = 8.037 ns )               ; Reg:inst6|inst1                       ; Reg:inst7|inst3                       ; CLK        ; CLK      ; None                        ; None                      ; 7.934 ns                ;
; N/A   ; 126.98 MHz ( period = 7.875 ns )               ; Reg:inst6|inst                        ; Reg:inst7|inst1                       ; CLK        ; CLK      ; None                        ; None                      ; 7.792 ns                ;
; N/A   ; 132.82 MHz ( period = 7.529 ns )               ; Reg:inst|inst                         ; Reg:inst7|inst5                       ; CLK        ; CLK      ; None                        ; None                      ; 7.129 ns                ;
; N/A   ; 132.98 MHz ( period = 7.520 ns )               ; Reg:inst|inst1                        ; Reg:inst7|inst5                       ; CLK        ; CLK      ; None                        ; None                      ; 7.120 ns                ;
; N/A   ; 136.26 MHz ( period = 7.339 ns )               ; Reg:inst|inst1                        ; Reg:inst7|inst                        ; CLK        ; CLK      ; None                        ; None                      ; 6.941 ns                ;
; N/A   ; 136.37 MHz ( period = 7.333 ns )               ; Reg:inst|inst1                        ; Reg:inst7|inst7                       ; CLK        ; CLK      ; None                        ; None                      ; 6.935 ns                ;
; N/A   ; 139.06 MHz ( period = 7.191 ns )               ; Reg:inst|inst1                        ; Reg:inst7|inst4                       ; CLK        ; CLK      ; None                        ; None                      ; 6.793 ns                ;
; N/A   ; 139.30 MHz ( period = 7.179 ns )               ; Reg:inst|inst1                        ; Reg:inst7|inst2                       ; CLK        ; CLK      ; None                        ; None                      ; 6.781 ns                ;
; N/A   ; 143.55 MHz ( period = 6.966 ns )               ; Reg:inst|inst                         ; Reg:inst7|inst1                       ; CLK        ; CLK      ; None                        ; None                      ; 6.566 ns                ;
; N/A   ; 143.74 MHz ( period = 6.957 ns )               ; Reg:inst|inst1                        ; Reg:inst7|inst1                       ; CLK        ; CLK      ; None                        ; None                      ; 6.557 ns                ;
; N/A   ; 144.63 MHz ( period = 6.914 ns )               ; Reg:inst6|inst1                       ; Reg:inst7|inst5                       ; CLK        ; CLK      ; None                        ; None                      ; 6.831 ns                ;
; N/A   ; 149.86 MHz ( period = 6.673 ns )               ; Reg:inst6|inst1                       ; Reg:inst7|inst                        ; CLK        ; CLK      ; None                        ; None                      ; 6.592 ns                ;
; N/A   ; 149.99 MHz ( period = 6.667 ns )               ; Reg:inst6|inst1                       ; Reg:inst7|inst7                       ; CLK        ; CLK      ; None                        ; None                      ; 6.586 ns                ;
; N/A   ; 150.11 MHz ( period = 6.662 ns )               ; Reg:inst6|inst                        ; Reg:inst7|inst7                       ; CLK        ; CLK      ; None                        ; None                      ; 6.581 ns                ;
; N/A   ; 153.26 MHz ( period = 6.525 ns )               ; Reg:inst6|inst1                       ; Reg:inst7|inst4                       ; CLK        ; CLK      ; None                        ; None                      ; 6.444 ns                ;
; N/A   ; 153.54 MHz ( period = 6.513 ns )               ; Reg:inst6|inst1                       ; Reg:inst7|inst2                       ; CLK        ; CLK      ; None                        ; None                      ; 6.432 ns                ;
; N/A   ; 153.87 MHz ( period = 6.499 ns )               ; Reg:inst6|inst                        ; Reg:inst7|inst4                       ; CLK        ; CLK      ; None                        ; None                      ; 6.418 ns                ;
; N/A   ; 155.06 MHz ( period = 6.449 ns )               ; Reg:inst6|inst                        ; Reg:inst7|inst2                       ; CLK        ; CLK      ; None                        ; None                      ; 6.368 ns                ;
; N/A   ; 157.46 MHz ( period = 6.351 ns )               ; Reg:inst6|inst1                       ; Reg:inst7|inst1                       ; CLK        ; CLK      ; None                        ; None                      ; 6.268 ns                ;
; N/A   ; 173.82 MHz ( period = 5.753 ns )               ; Reg:inst|inst                         ; Reg:inst7|inst7                       ; CLK        ; CLK      ; None                        ; None                      ; 5.355 ns                ;
; N/A   ; 174.00 MHz ( period = 5.747 ns )               ; Reg:inst6|inst                        ; Reg:inst7|inst                        ; CLK        ; CLK      ; None                        ; None                      ; 5.666 ns                ;
; N/A   ; 178.89 MHz ( period = 5.590 ns )               ; Reg:inst|inst                         ; Reg:inst7|inst4                       ; CLK        ; CLK      ; None                        ; None                      ; 5.192 ns                ;
; N/A   ; 180.51 MHz ( period = 5.540 ns )               ; Reg:inst|inst                         ; Reg:inst7|inst2                       ; CLK        ; CLK      ; None                        ; None                      ; 5.142 ns                ;
; N/A   ; 206.70 MHz ( period = 4.838 ns )               ; Reg:inst|inst                         ; Reg:inst7|inst                        ; CLK        ; CLK      ; None                        ; None                      ; 4.440 ns                ;
; N/A   ; 308.93 MHz ( period = 3.237 ns )               ; uPC:inst30|74161:inst|f74161:sub|9    ; uPC:inst30|74161:inst|f74161:sub|99   ; CLK        ; CLK      ; None                        ; None                      ; 2.973 ns                ;
; N/A   ; 309.02 MHz ( period = 3.236 ns )               ; uPC:inst30|74161:inst|f74161:sub|9    ; uPC:inst30|74161:inst|f74161:sub|110  ; CLK        ; CLK      ; None                        ; None                      ; 2.972 ns                ;
; N/A   ; 309.12 MHz ( period = 3.235 ns )               ; uPC:inst30|74161:inst|f74161:sub|9    ; uPC:inst30|74161:inst|f74161:sub|87   ; CLK        ; CLK      ; None                        ; None                      ; 2.971 ns                ;
; N/A   ; Restricted to 340.02 MHz ( period = 2.941 ns ) ; uPC:inst30|74161:inst1|f74161:sub|9   ; uPC:inst30|74161:inst|f74161:sub|99   ; CLK        ; CLK      ; None                        ; None                      ; 2.394 ns                ;
; N/A   ; Restricted to 340.02 MHz ( period = 2.941 ns ) ; uPC:inst30|74161:inst1|f74161:sub|9   ; uPC:inst30|74161:inst|f74161:sub|110  ; CLK        ; CLK      ; None                        ; None                      ; 2.393 ns                ;
; N/A   ; Restricted to 340.02 MHz ( period = 2.941 ns ) ; uPC:inst30|74161:inst1|f74161:sub|9   ; uPC:inst30|74161:inst|f74161:sub|87   ; CLK        ; CLK      ; None                        ; None                      ; 2.392 ns                ;
; N/A   ; Restricted to 340.02 MHz ( period = 2.941 ns ) ; uPC:inst30|74161:inst1|f74161:sub|87  ; uPC:inst30|74161:inst|f74161:sub|99   ; CLK        ; CLK      ; None                        ; None                      ; 1.927 ns                ;
; N/A   ; Restricted to 340.02 MHz ( period = 2.941 ns ) ; uPC:inst30|74161:inst1|f74161:sub|87  ; uPC:inst30|74161:inst|f74161:sub|110  ; CLK        ; CLK      ; None                        ; None                      ; 1.926 ns                ;
; N/A   ; Restricted to 340.02 MHz ( period = 2.941 ns ) ; uPC:inst30|74161:inst1|f74161:sub|87  ; uPC:inst30|74161:inst|f74161:sub|87   ; CLK        ; CLK      ; None                        ; None                      ; 1.925 ns                ;
; N/A   ; Restricted to 340.02 MHz ( period = 2.941 ns ) ; uPC:inst30|74161:inst1|f74161:sub|9   ; uPC:inst30|74161:inst|f74161:sub|9    ; CLK        ; CLK      ; None                        ; None                      ; 1.810 ns                ;
; N/A   ; Restricted to 340.02 MHz ( period = 2.941 ns ) ; uPC:inst30|74161:inst1|f74161:sub|99  ; uPC:inst30|74161:inst|f74161:sub|99   ; CLK        ; CLK      ; None                        ; None                      ; 1.793 ns                ;
; N/A   ; Restricted to 340.02 MHz ( period = 2.941 ns ) ; uPC:inst30|74161:inst1|f74161:sub|99  ; uPC:inst30|74161:inst|f74161:sub|110  ; CLK        ; CLK      ; None                        ; None                      ; 1.792 ns                ;
; N/A   ; Restricted to 340.02 MHz ( period = 2.941 ns ) ; uPC:inst30|74161:inst1|f74161:sub|99  ; uPC:inst30|74161:inst|f74161:sub|87   ; CLK        ; CLK      ; None                        ; None                      ; 1.791 ns                ;
; N/A   ; Restricted to 340.02 MHz ( period = 2.941 ns ) ; uPC:inst30|74161:inst1|f74161:sub|110 ; uPC:inst30|74161:inst|f74161:sub|99   ; CLK        ; CLK      ; None                        ; None                      ; 1.735 ns                ;
; N/A   ; Restricted to 340.02 MHz ( period = 2.941 ns ) ; uPC:inst30|74161:inst1|f74161:sub|110 ; uPC:inst30|74161:inst|f74161:sub|110  ; CLK        ; CLK      ; None                        ; None                      ; 1.734 ns                ;
; N/A   ; Restricted to 340.02 MHz ( period = 2.941 ns ) ; uPC:inst30|74161:inst1|f74161:sub|110 ; uPC:inst30|74161:inst|f74161:sub|87   ; CLK        ; CLK      ; None                        ; None                      ; 1.733 ns                ;
; N/A   ; Restricted to 340.02 MHz ( period = 2.941 ns ) ; uPC:inst30|74161:inst1|f74161:sub|87  ; uPC:inst30|74161:inst1|f74161:sub|99  ; CLK        ; CLK      ; None                        ; None                      ; 1.540 ns                ;
; N/A   ; Restricted to 340.02 MHz ( period = 2.941 ns ) ; uPC:inst30|74161:inst1|f74161:sub|9   ; uPC:inst30|74161:inst1|f74161:sub|87  ; CLK        ; CLK      ; None                        ; None                      ; 1.431 ns                ;
; N/A   ; Restricted to 340.02 MHz ( period = 2.941 ns ) ; uPC:inst30|74161:inst1|f74161:sub|9   ; uPC:inst30|74161:inst1|f74161:sub|99  ; CLK        ; CLK      ; None                        ; None                      ; 1.431 ns                ;
; N/A   ; Restricted to 340.02 MHz ( period = 2.941 ns ) ; uPC:inst30|74161:inst1|f74161:sub|9   ; uPC:inst30|74161:inst1|f74161:sub|110 ; CLK        ; CLK      ; None                        ; None                      ; 1.430 ns                ;
; N/A   ; Restricted to 340.02 MHz ( period = 2.941 ns ) ; uPC:inst30|74161:inst1|f74161:sub|87  ; uPC:inst30|74161:inst|f74161:sub|9    ; CLK        ; CLK      ; None                        ; None                      ; 1.343 ns                ;
; N/A   ; Restricted to 340.02 MHz ( period = 2.941 ns ) ; uPC:inst30|74161:inst1|f74161:sub|99  ; uPC:inst30|74161:inst1|f74161:sub|110 ; CLK        ; CLK      ; None                        ; None                      ; 1.248 ns                ;
; N/A   ; Restricted to 340.02 MHz ( period = 2.941 ns ) ; uPC:inst30|74161:inst1|f74161:sub|99  ; uPC:inst30|74161:inst|f74161:sub|9    ; CLK        ; CLK      ; None                        ; None                      ; 1.242 ns                ;
; N/A   ; Restricted to 340.02 MHz ( period = 2.941 ns ) ; uPC:inst30|74161:inst|f74161:sub|99   ; uPC:inst30|74161:inst|f74161:sub|110  ; CLK        ; CLK      ; None                        ; None                      ; 1.236 ns                ;
; N/A   ; Restricted to 340.02 MHz ( period = 2.941 ns ) ; uPC:inst30|74161:inst1|f74161:sub|87  ; uPC:inst30|74161:inst1|f74161:sub|110 ; CLK        ; CLK      ; None                        ; None                      ; 1.193 ns                ;
; N/A   ; Restricted to 340.02 MHz ( period = 2.941 ns ) ; uPC:inst30|74161:inst1|f74161:sub|110 ; uPC:inst30|74161:inst|f74161:sub|9    ; CLK        ; CLK      ; None                        ; None                      ; 1.193 ns                ;
; N/A   ; Restricted to 340.02 MHz ( period = 2.941 ns ) ; uPC:inst30|74161:inst|f74161:sub|87   ; uPC:inst30|74161:inst|f74161:sub|99   ; CLK        ; CLK      ; None                        ; None                      ; 1.190 ns                ;
; N/A   ; Restricted to 340.02 MHz ( period = 2.941 ns ) ; uPC:inst30|74161:inst|f74161:sub|87   ; uPC:inst30|74161:inst|f74161:sub|110  ; CLK        ; CLK      ; None                        ; None                      ; 1.189 ns                ;
; N/A   ; Restricted to 340.02 MHz ( period = 2.941 ns ) ; uPC:inst30|74161:inst1|f74161:sub|9   ; uPC:inst30|74161:inst1|f74161:sub|9   ; CLK        ; CLK      ; None                        ; None                      ; 0.501 ns                ;
; N/A   ; Restricted to 340.02 MHz ( period = 2.941 ns ) ; uPC:inst30|74161:inst1|f74161:sub|87  ; uPC:inst30|74161:inst1|f74161:sub|87  ; CLK        ; CLK      ; None                        ; None                      ; 0.501 ns                ;
; N/A   ; Restricted to 340.02 MHz ( period = 2.941 ns ) ; uPC:inst30|74161:inst1|f74161:sub|99  ; uPC:inst30|74161:inst1|f74161:sub|99  ; CLK        ; CLK      ; None                        ; None                      ; 0.501 ns                ;
; N/A   ; Restricted to 340.02 MHz ( period = 2.941 ns ) ; uPC:inst30|74161:inst1|f74161:sub|110 ; uPC:inst30|74161:inst1|f74161:sub|110 ; CLK        ; CLK      ; None                        ; None                      ; 0.501 ns                ;
; N/A   ; Restricted to 340.02 MHz ( period = 2.941 ns ) ; uPC:inst30|74161:inst|f74161:sub|9    ; uPC:inst30|74161:inst|f74161:sub|9    ; CLK        ; CLK      ; None                        ; None                      ; 0.501 ns                ;
; N/A   ; Restricted to 340.02 MHz ( period = 2.941 ns ) ; uPC:inst30|74161:inst|f74161:sub|87   ; uPC:inst30|74161:inst|f74161:sub|87   ; CLK        ; CLK      ; None                        ; None                      ; 0.501 ns                ;
; N/A   ; Restricted to 340.02 MHz ( period = 2.941 ns ) ; uPC:inst30|74161:inst|f74161:sub|99   ; uPC:inst30|74161:inst|f74161:sub|99   ; CLK        ; CLK      ; None                        ; None                      ; 0.501 ns                ;
; N/A   ; Restricted to 340.02 MHz ( period = 2.941 ns ) ; uPC:inst30|74161:inst|f74161:sub|110  ; uPC:inst30|74161:inst|f74161:sub|110  ; CLK        ; CLK      ; None                        ; None                      ; 0.501 ns                ;
+-------+------------------------------------------------+---------------------------------------+---------------------------------------+------------+----------+-----------------------------+---------------------------+-------------------------+


+----------------------------------------------------------------------------+
; tsu                                                                        ;
+-------+--------------+------------+-----------+-----------------+----------+
; Slack ; Required tsu ; Actual tsu ; From      ; To              ; To Clock ;
+-------+--------------+------------+-----------+-----------------+----------+
; N/A   ; None         ; 11.800 ns  ; S1        ; Reg:inst7|inst8 ; CLK      ;
; N/A   ; None         ; 11.784 ns  ; S0        ; Reg:inst7|inst8 ; CLK      ;
; N/A   ; None         ; 11.710 ns  ; S1        ; Reg:inst7|inst8 ; SelO     ;
; N/A   ; None         ; 11.694 ns  ; S0        ; Reg:inst7|inst8 ; SelO     ;
; N/A   ; None         ; 11.589 ns  ; S2        ; Reg:inst7|inst8 ; CLK      ;
; N/A   ; None         ; 11.499 ns  ; S2        ; Reg:inst7|inst8 ; SelO     ;
; N/A   ; None         ; 11.322 ns  ; S3        ; Reg:inst7|inst8 ; CLK      ;
; N/A   ; None         ; 11.239 ns  ; S2        ; Reg:inst7|inst3 ; CLK      ;
; N/A   ; None         ; 11.232 ns  ; S3        ; Reg:inst7|inst8 ; SelO     ;
; N/A   ; None         ; 11.170 ns  ; S1        ; Reg:inst7|inst3 ; CLK      ;
; N/A   ; None         ; 11.150 ns  ; S0        ; Reg:inst7|inst3 ; CLK      ;
; N/A   ; None         ; 11.149 ns  ; S2        ; Reg:inst7|inst3 ; SelO     ;
; N/A   ; None         ; 11.080 ns  ; S1        ; Reg:inst7|inst3 ; SelO     ;
; N/A   ; None         ; 11.060 ns  ; S0        ; Reg:inst7|inst3 ; SelO     ;
; N/A   ; None         ; 11.033 ns  ; S3        ; Reg:inst7|inst3 ; CLK      ;
; N/A   ; None         ; 10.943 ns  ; S3        ; Reg:inst7|inst3 ; SelO     ;
; N/A   ; None         ; 10.229 ns  ; S2        ; Reg:inst7|inst2 ; CLK      ;
; N/A   ; None         ; 10.156 ns  ; S1        ; Reg:inst7|inst2 ; CLK      ;
; N/A   ; None         ; 10.140 ns  ; S0        ; Reg:inst7|inst2 ; CLK      ;
; N/A   ; None         ; 10.139 ns  ; S2        ; Reg:inst7|inst2 ; SelO     ;
; N/A   ; None         ; 10.118 ns  ; CN        ; Reg:inst7|inst8 ; CLK      ;
; N/A   ; None         ; 10.116 ns  ; S2        ; Reg:inst7|inst5 ; CLK      ;
; N/A   ; None         ; 10.066 ns  ; S1        ; Reg:inst7|inst2 ; SelO     ;
; N/A   ; None         ; 10.050 ns  ; S0        ; Reg:inst7|inst2 ; SelO     ;
; N/A   ; None         ; 10.047 ns  ; S1        ; Reg:inst7|inst5 ; CLK      ;
; N/A   ; None         ; 10.028 ns  ; CN        ; Reg:inst7|inst8 ; SelO     ;
; N/A   ; None         ; 10.027 ns  ; S0        ; Reg:inst7|inst5 ; CLK      ;
; N/A   ; None         ; 10.026 ns  ; S2        ; Reg:inst7|inst5 ; SelO     ;
; N/A   ; None         ; 9.962 ns   ; S3        ; Reg:inst7|inst2 ; CLK      ;
; N/A   ; None         ; 9.957 ns   ; S1        ; Reg:inst7|inst5 ; SelO     ;
; N/A   ; None         ; 9.939 ns   ; CN        ; Reg:inst7|inst3 ; CLK      ;
; N/A   ; None         ; 9.937 ns   ; S0        ; Reg:inst7|inst5 ; SelO     ;
; N/A   ; None         ; 9.910 ns   ; S3        ; Reg:inst7|inst5 ; CLK      ;
; N/A   ; None         ; 9.872 ns   ; S3        ; Reg:inst7|inst2 ; SelO     ;
; N/A   ; None         ; 9.849 ns   ; CN        ; Reg:inst7|inst3 ; SelO     ;
; N/A   ; None         ; 9.820 ns   ; S3        ; Reg:inst7|inst5 ; SelO     ;
; N/A   ; None         ; 9.756 ns   ; S2        ; Reg:inst7|inst  ; CLK      ;
; N/A   ; None         ; 9.750 ns   ; S2        ; Reg:inst7|inst7 ; CLK      ;
; N/A   ; None         ; 9.687 ns   ; S1        ; Reg:inst7|inst  ; CLK      ;
; N/A   ; None         ; 9.681 ns   ; S1        ; Reg:inst7|inst7 ; CLK      ;
; N/A   ; None         ; 9.667 ns   ; S0        ; Reg:inst7|inst  ; CLK      ;
; N/A   ; None         ; 9.666 ns   ; S2        ; Reg:inst7|inst  ; SelO     ;
; N/A   ; None         ; 9.661 ns   ; S0        ; Reg:inst7|inst7 ; CLK      ;
; N/A   ; None         ; 9.660 ns   ; S2        ; Reg:inst7|inst7 ; SelO     ;
; N/A   ; None         ; 9.608 ns   ; S2        ; Reg:inst7|inst4 ; CLK      ;
; N/A   ; None         ; 9.597 ns   ; S1        ; Reg:inst7|inst  ; SelO     ;
; N/A   ; None         ; 9.591 ns   ; S1        ; Reg:inst7|inst7 ; SelO     ;
; N/A   ; None         ; 9.577 ns   ; S0        ; Reg:inst7|inst  ; SelO     ;
; N/A   ; None         ; 9.571 ns   ; S0        ; Reg:inst7|inst7 ; SelO     ;
; N/A   ; None         ; 9.553 ns   ; S2        ; Reg:inst7|inst1 ; CLK      ;
; N/A   ; None         ; 9.550 ns   ; S3        ; Reg:inst7|inst  ; CLK      ;
; N/A   ; None         ; 9.544 ns   ; S3        ; Reg:inst7|inst7 ; CLK      ;
; N/A   ; None         ; 9.539 ns   ; S1        ; Reg:inst7|inst4 ; CLK      ;
; N/A   ; None         ; 9.519 ns   ; S0        ; Reg:inst7|inst4 ; CLK      ;
; N/A   ; None         ; 9.518 ns   ; S2        ; Reg:inst7|inst4 ; SelO     ;
; N/A   ; None         ; 9.484 ns   ; S1        ; Reg:inst7|inst1 ; CLK      ;
; N/A   ; None         ; 9.480 ns   ; M         ; Reg:inst7|inst8 ; CLK      ;
; N/A   ; None         ; 9.464 ns   ; S0        ; Reg:inst7|inst1 ; CLK      ;
; N/A   ; None         ; 9.463 ns   ; S2        ; Reg:inst7|inst1 ; SelO     ;
; N/A   ; None         ; 9.460 ns   ; S3        ; Reg:inst7|inst  ; SelO     ;
; N/A   ; None         ; 9.454 ns   ; S3        ; Reg:inst7|inst7 ; SelO     ;
; N/A   ; None         ; 9.449 ns   ; S1        ; Reg:inst7|inst4 ; SelO     ;
; N/A   ; None         ; 9.429 ns   ; S0        ; Reg:inst7|inst4 ; SelO     ;
; N/A   ; None         ; 9.402 ns   ; S3        ; Reg:inst7|inst4 ; CLK      ;
; N/A   ; None         ; 9.394 ns   ; S1        ; Reg:inst7|inst1 ; SelO     ;
; N/A   ; None         ; 9.390 ns   ; M         ; Reg:inst7|inst8 ; SelO     ;
; N/A   ; None         ; 9.374 ns   ; S0        ; Reg:inst7|inst1 ; SelO     ;
; N/A   ; None         ; 9.347 ns   ; S3        ; Reg:inst7|inst1 ; CLK      ;
; N/A   ; None         ; 9.312 ns   ; S3        ; Reg:inst7|inst4 ; SelO     ;
; N/A   ; None         ; 9.257 ns   ; S3        ; Reg:inst7|inst1 ; SelO     ;
; N/A   ; None         ; 8.929 ns   ; CN        ; Reg:inst7|inst2 ; CLK      ;
; N/A   ; None         ; 8.839 ns   ; CN        ; Reg:inst7|inst2 ; SelO     ;
; N/A   ; None         ; 8.816 ns   ; CN        ; Reg:inst7|inst5 ; CLK      ;
; N/A   ; None         ; 8.726 ns   ; CN        ; Reg:inst7|inst5 ; SelO     ;
; N/A   ; None         ; 8.456 ns   ; CN        ; Reg:inst7|inst  ; CLK      ;
; N/A   ; None         ; 8.450 ns   ; CN        ; Reg:inst7|inst7 ; CLK      ;
; N/A   ; None         ; 8.366 ns   ; CN        ; Reg:inst7|inst  ; SelO     ;
; N/A   ; None         ; 8.360 ns   ; CN        ; Reg:inst7|inst7 ; SelO     ;
; N/A   ; None         ; 8.308 ns   ; CN        ; Reg:inst7|inst4 ; CLK      ;
; N/A   ; None         ; 8.253 ns   ; CN        ; Reg:inst7|inst1 ; CLK      ;
; N/A   ; None         ; 8.218 ns   ; CN        ; Reg:inst7|inst4 ; SelO     ;
; N/A   ; None         ; 8.163 ns   ; CN        ; Reg:inst7|inst1 ; SelO     ;
; N/A   ; None         ; 7.659 ns   ; M         ; Reg:inst7|inst5 ; CLK      ;
; N/A   ; None         ; 7.569 ns   ; M         ; Reg:inst7|inst5 ; SelO     ;
; N/A   ; None         ; 7.467 ns   ; M         ; Reg:inst7|inst2 ; CLK      ;
; N/A   ; None         ; 7.377 ns   ; M         ; Reg:inst7|inst2 ; SelO     ;
; N/A   ; None         ; 7.062 ns   ; M         ; Reg:inst7|inst1 ; CLK      ;
; N/A   ; None         ; 6.972 ns   ; M         ; Reg:inst7|inst1 ; SelO     ;
; N/A   ; None         ; 6.938 ns   ; M         ; Reg:inst7|inst  ; CLK      ;
; N/A   ; None         ; 6.937 ns   ; M         ; Reg:inst7|inst3 ; CLK      ;
; N/A   ; None         ; 6.892 ns   ; dist0     ; Reg:inst7|inst8 ; CLK      ;
; N/A   ; None         ; 6.848 ns   ; M         ; Reg:inst7|inst  ; SelO     ;
; N/A   ; None         ; 6.847 ns   ; M         ; Reg:inst7|inst3 ; SelO     ;
; N/A   ; None         ; 6.802 ns   ; dist0     ; Reg:inst7|inst8 ; SelO     ;
; N/A   ; None         ; 6.785 ns   ; M         ; Reg:inst7|inst4 ; CLK      ;
; N/A   ; None         ; 6.695 ns   ; M         ; Reg:inst7|inst4 ; SelO     ;
; N/A   ; None         ; 6.658 ns   ; direction ; Reg:inst7|inst8 ; CLK      ;
; N/A   ; None         ; 6.568 ns   ; direction ; Reg:inst7|inst8 ; SelO     ;
; N/A   ; None         ; 6.419 ns   ; M         ; Reg:inst7|inst7 ; CLK      ;
; N/A   ; None         ; 6.329 ns   ; M         ; Reg:inst7|inst7 ; SelO     ;
; N/A   ; None         ; 6.280 ns   ; dist1     ; Reg:inst7|inst8 ; CLK      ;
; N/A   ; None         ; 6.190 ns   ; dist1     ; Reg:inst7|inst8 ; SelO     ;
; N/A   ; None         ; 5.684 ns   ; direction ; Reg:inst7|inst3 ; CLK      ;
; N/A   ; None         ; 5.594 ns   ; direction ; Reg:inst7|inst3 ; SelO     ;
; N/A   ; None         ; 5.071 ns   ; dist0     ; Reg:inst7|inst5 ; CLK      ;
; N/A   ; None         ; 4.996 ns   ; dist0     ; Reg:inst7|inst2 ; CLK      ;
; N/A   ; None         ; 4.981 ns   ; dist0     ; Reg:inst7|inst5 ; SelO     ;
; N/A   ; None         ; 4.906 ns   ; dist0     ; Reg:inst7|inst2 ; SelO     ;
; N/A   ; None         ; 4.880 ns   ; direction ; Reg:inst7|inst5 ; CLK      ;
; N/A   ; None         ; 4.790 ns   ; direction ; Reg:inst7|inst5 ; SelO     ;
; N/A   ; None         ; 4.752 ns   ; dist0     ; Reg:inst7|inst3 ; CLK      ;
; N/A   ; None         ; 4.662 ns   ; dist0     ; Reg:inst7|inst3 ; SelO     ;
; N/A   ; None         ; 4.634 ns   ; direction ; Reg:inst7|inst2 ; CLK      ;
; N/A   ; None         ; 4.632 ns   ; direction ; Reg:inst7|inst4 ; CLK      ;
; N/A   ; None         ; 4.588 ns   ; dist0     ; Reg:inst7|inst4 ; CLK      ;
; N/A   ; None         ; 4.560 ns   ; direction ; Reg:inst7|inst  ; CLK      ;
; N/A   ; None         ; 4.554 ns   ; direction ; Reg:inst7|inst7 ; CLK      ;
; N/A   ; None         ; 4.544 ns   ; direction ; Reg:inst7|inst2 ; SelO     ;
; N/A   ; None         ; 4.542 ns   ; direction ; Reg:inst7|inst4 ; SelO     ;
; N/A   ; None         ; 4.498 ns   ; dist0     ; Reg:inst7|inst4 ; SelO     ;
; N/A   ; None         ; 4.474 ns   ; dist0     ; Reg:inst7|inst1 ; CLK      ;
; N/A   ; None         ; 4.470 ns   ; direction ; Reg:inst7|inst  ; SelO     ;
; N/A   ; None         ; 4.464 ns   ; direction ; Reg:inst7|inst7 ; SelO     ;
; N/A   ; None         ; 4.384 ns   ; dist0     ; Reg:inst7|inst1 ; SelO     ;
; N/A   ; None         ; 4.317 ns   ; direction ; Reg:inst7|inst1 ; CLK      ;
; N/A   ; None         ; 4.227 ns   ; direction ; Reg:inst7|inst1 ; SelO     ;
; N/A   ; None         ; 4.058 ns   ; dist0     ; Reg:inst7|inst  ; CLK      ;
; N/A   ; None         ; 3.968 ns   ; dist0     ; Reg:inst7|inst  ; SelO     ;
; N/A   ; None         ; 3.957 ns   ; dist0     ; Reg:inst7|inst7 ; CLK      ;
; N/A   ; None         ; 3.867 ns   ; dist0     ; Reg:inst7|inst7 ; SelO     ;
; N/A   ; None         ; 3.587 ns   ; dist1     ; Reg:inst7|inst3 ; CLK      ;
; N/A   ; None         ; 3.497 ns   ; dist1     ; Reg:inst7|inst3 ; SelO     ;
; N/A   ; None         ; 2.684 ns   ; dist1     ; Reg:inst7|inst5 ; CLK      ;
; N/A   ; None         ; 2.594 ns   ; dist1     ; Reg:inst7|inst5 ; SelO     ;
; N/A   ; None         ; 2.144 ns   ; dist1     ; Reg:inst7|inst7 ; CLK      ;
; N/A   ; None         ; 2.088 ns   ; dist1     ; Reg:inst7|inst1 ; CLK      ;
; N/A   ; None         ; 2.054 ns   ; dist1     ; Reg:inst7|inst7 ; SelO     ;
; N/A   ; None         ; 1.998 ns   ; dist1     ; Reg:inst7|inst1 ; SelO     ;
; N/A   ; None         ; 1.944 ns   ; dist1     ; Reg:inst7|inst  ; CLK      ;
; N/A   ; None         ; 1.931 ns   ; dist1     ; Reg:inst7|inst2 ; CLK      ;
; N/A   ; None         ; 1.854 ns   ; dist1     ; Reg:inst7|inst  ; SelO     ;
; N/A   ; None         ; 1.841 ns   ; dist1     ; Reg:inst7|inst2 ; SelO     ;
; N/A   ; None         ; 1.796 ns   ; dist1     ; Reg:inst7|inst4 ; CLK      ;
; N/A   ; None         ; 1.706 ns   ; dist1     ; Reg:inst7|inst4 ; SelO     ;
; N/A   ; None         ; 1.259 ns   ; A0        ; Reg:inst|inst8  ; CLK      ;
; N/A   ; None         ; 1.197 ns   ; A0        ; Reg:inst|inst8  ; SelA     ;
; N/A   ; None         ; 1.109 ns   ; dist2     ; Reg:inst7|inst2 ; CLK      ;
; N/A   ; None         ; 1.107 ns   ; dist2     ; Reg:inst7|inst4 ; CLK      ;
; N/A   ; None         ; 1.098 ns   ; dist2     ; Reg:inst7|inst  ; CLK      ;
; N/A   ; None         ; 1.098 ns   ; dist2     ; Reg:inst7|inst7 ; CLK      ;
; N/A   ; None         ; 1.019 ns   ; dist2     ; Reg:inst7|inst2 ; SelO     ;
; N/A   ; None         ; 1.017 ns   ; dist2     ; Reg:inst7|inst4 ; SelO     ;
; N/A   ; None         ; 1.008 ns   ; dist2     ; Reg:inst7|inst  ; SelO     ;
; N/A   ; None         ; 1.008 ns   ; dist2     ; Reg:inst7|inst7 ; SelO     ;
; N/A   ; None         ; 1.002 ns   ; dist2     ; Reg:inst7|inst1 ; CLK      ;
; N/A   ; None         ; 0.980 ns   ; dist2     ; Reg:inst7|inst5 ; CLK      ;
; N/A   ; None         ; 0.912 ns   ; dist2     ; Reg:inst7|inst1 ; SelO     ;
; N/A   ; None         ; 0.890 ns   ; dist2     ; Reg:inst7|inst5 ; SelO     ;
; N/A   ; None         ; 0.687 ns   ; A1        ; Reg:inst6|inst7 ; CLK      ;
; N/A   ; None         ; 0.447 ns   ; A7        ; Reg:inst6|inst  ; CLK      ;
; N/A   ; None         ; 0.265 ns   ; dist2     ; Reg:inst7|inst3 ; CLK      ;
; N/A   ; None         ; 0.175 ns   ; dist2     ; Reg:inst7|inst3 ; SelO     ;
; N/A   ; None         ; 0.164 ns   ; dist2     ; Reg:inst7|inst8 ; CLK      ;
; N/A   ; None         ; 0.142 ns   ; A1        ; Reg:inst6|inst7 ; SelB     ;
; N/A   ; None         ; 0.128 ns   ; A7        ; Reg:inst|inst   ; CLK      ;
; N/A   ; None         ; 0.078 ns   ; A0        ; Reg:inst6|inst8 ; CLK      ;
; N/A   ; None         ; 0.074 ns   ; dist2     ; Reg:inst7|inst8 ; SelO     ;
; N/A   ; None         ; 0.066 ns   ; A7        ; Reg:inst|inst   ; SelA     ;
; N/A   ; None         ; 0.060 ns   ; A6        ; Reg:inst6|inst1 ; CLK      ;
; N/A   ; None         ; 0.034 ns   ; A4        ; Reg:inst6|inst3 ; CLK      ;
; N/A   ; None         ; 0.030 ns   ; A5        ; Reg:inst6|inst2 ; CLK      ;
; N/A   ; None         ; -0.098 ns  ; A7        ; Reg:inst6|inst  ; SelB     ;
; N/A   ; None         ; -0.160 ns  ; A1        ; Reg:inst|inst7  ; CLK      ;
; N/A   ; None         ; -0.222 ns  ; A1        ; Reg:inst|inst7  ; SelA     ;
; N/A   ; None         ; -0.256 ns  ; A6        ; Reg:inst|inst1  ; CLK      ;
; N/A   ; None         ; -0.284 ns  ; A4        ; Reg:inst|inst3  ; CLK      ;
; N/A   ; None         ; -0.285 ns  ; A5        ; Reg:inst|inst2  ; CLK      ;
; N/A   ; None         ; -0.318 ns  ; A6        ; Reg:inst|inst1  ; SelA     ;
; N/A   ; None         ; -0.341 ns  ; A3        ; Reg:inst6|inst4 ; CLK      ;
; N/A   ; None         ; -0.346 ns  ; A4        ; Reg:inst|inst3  ; SelA     ;
; N/A   ; None         ; -0.347 ns  ; A5        ; Reg:inst|inst2  ; SelA     ;
; N/A   ; None         ; -0.365 ns  ; A2        ; Reg:inst6|inst5 ; CLK      ;
; N/A   ; None         ; -0.467 ns  ; A0        ; Reg:inst6|inst8 ; SelB     ;
; N/A   ; None         ; -0.485 ns  ; A6        ; Reg:inst6|inst1 ; SelB     ;
; N/A   ; None         ; -0.511 ns  ; A4        ; Reg:inst6|inst3 ; SelB     ;
; N/A   ; None         ; -0.515 ns  ; A5        ; Reg:inst6|inst2 ; SelB     ;
; N/A   ; None         ; -0.659 ns  ; A3        ; Reg:inst|inst4  ; CLK      ;
; N/A   ; None         ; -0.681 ns  ; A2        ; Reg:inst|inst5  ; CLK      ;
; N/A   ; None         ; -0.721 ns  ; A3        ; Reg:inst|inst4  ; SelA     ;
; N/A   ; None         ; -0.743 ns  ; A2        ; Reg:inst|inst5  ; SelA     ;
; N/A   ; None         ; -0.886 ns  ; A3        ; Reg:inst6|inst4 ; SelB     ;
; N/A   ; None         ; -0.910 ns  ; A2        ; Reg:inst6|inst5 ; SelB     ;
+-------+--------------+------------+-----------+-----------------+----------+


+----------------------------------------------------------------------------------------------+
; tco                                                                                          ;
+-------+--------------+------------+---------------------------------------+-----+------------+
; Slack ; Required tco ; Actual tco ; From                                  ; To  ; From Clock ;
+-------+--------------+------------+---------------------------------------+-----+------------+
; N/A   ; None         ; 15.892 ns  ; Reg:inst|inst3                        ; AO4 ; SelA       ;
; N/A   ; None         ; 15.830 ns  ; Reg:inst|inst3                        ; AO4 ; CLK        ;
; N/A   ; None         ; 15.808 ns  ; Reg:inst|inst5                        ; AO2 ; SelA       ;
; N/A   ; None         ; 15.746 ns  ; Reg:inst|inst5                        ; AO2 ; CLK        ;
; N/A   ; None         ; 15.313 ns  ; Reg:inst|inst2                        ; AO5 ; SelA       ;
; N/A   ; None         ; 15.251 ns  ; Reg:inst|inst2                        ; AO5 ; CLK        ;
; N/A   ; None         ; 15.207 ns  ; Reg:inst|inst7                        ; AO1 ; SelA       ;
; N/A   ; None         ; 15.145 ns  ; Reg:inst|inst7                        ; AO1 ; CLK        ;
; N/A   ; None         ; 14.943 ns  ; Reg:inst|inst4                        ; AO3 ; SelA       ;
; N/A   ; None         ; 14.881 ns  ; Reg:inst|inst4                        ; AO3 ; CLK        ;
; N/A   ; None         ; 14.219 ns  ; Reg:inst|inst1                        ; AO6 ; SelA       ;
; N/A   ; None         ; 14.215 ns  ; Reg:inst|inst8                        ; AO0 ; SelA       ;
; N/A   ; None         ; 14.157 ns  ; Reg:inst|inst1                        ; AO6 ; CLK        ;
; N/A   ; None         ; 14.153 ns  ; Reg:inst|inst8                        ; AO0 ; CLK        ;
; N/A   ; None         ; 13.941 ns  ; Reg:inst|inst                         ; AO7 ; SelA       ;
; N/A   ; None         ; 13.879 ns  ; Reg:inst|inst                         ; AO7 ; CLK        ;
; N/A   ; None         ; 13.849 ns  ; Reg:inst7|inst                        ; D7  ; SelO       ;
; N/A   ; None         ; 13.759 ns  ; Reg:inst7|inst                        ; D7  ; CLK        ;
; N/A   ; None         ; 13.587 ns  ; Reg:inst7|inst8                       ; D0  ; SelO       ;
; N/A   ; None         ; 13.533 ns  ; Reg:inst7|inst7                       ; D1  ; SelO       ;
; N/A   ; None         ; 13.497 ns  ; Reg:inst7|inst8                       ; D0  ; CLK        ;
; N/A   ; None         ; 13.443 ns  ; Reg:inst7|inst7                       ; D1  ; CLK        ;
; N/A   ; None         ; 13.436 ns  ; Reg:inst7|inst3                       ; D4  ; SelO       ;
; N/A   ; None         ; 13.346 ns  ; Reg:inst7|inst3                       ; D4  ; CLK        ;
; N/A   ; None         ; 13.264 ns  ; Reg:inst6|inst4                       ; BO3 ; SelB       ;
; N/A   ; None         ; 13.261 ns  ; Reg:inst6|inst5                       ; BO2 ; SelB       ;
; N/A   ; None         ; 13.249 ns  ; Reg:inst6|inst3                       ; BO4 ; SelB       ;
; N/A   ; None         ; 13.248 ns  ; Reg:inst6|inst2                       ; BO5 ; SelB       ;
; N/A   ; None         ; 13.235 ns  ; Reg:inst6|inst1                       ; BO6 ; SelB       ;
; N/A   ; None         ; 13.201 ns  ; Reg:inst6|inst                        ; BO7 ; SelB       ;
; N/A   ; None         ; 13.199 ns  ; Reg:inst6|inst8                       ; BO0 ; SelB       ;
; N/A   ; None         ; 13.073 ns  ; Reg:inst6|inst7                       ; BO1 ; SelB       ;
; N/A   ; None         ; 12.920 ns  ; Reg:inst7|inst4                       ; D3  ; SelO       ;
; N/A   ; None         ; 12.918 ns  ; Reg:inst7|inst2                       ; D5  ; SelO       ;
; N/A   ; None         ; 12.912 ns  ; Reg:inst7|inst5                       ; D2  ; SelO       ;
; N/A   ; None         ; 12.830 ns  ; Reg:inst7|inst4                       ; D3  ; CLK        ;
; N/A   ; None         ; 12.828 ns  ; Reg:inst7|inst2                       ; D5  ; CLK        ;
; N/A   ; None         ; 12.822 ns  ; Reg:inst7|inst5                       ; D2  ; CLK        ;
; N/A   ; None         ; 12.719 ns  ; Reg:inst6|inst4                       ; BO3 ; CLK        ;
; N/A   ; None         ; 12.716 ns  ; Reg:inst6|inst5                       ; BO2 ; CLK        ;
; N/A   ; None         ; 12.704 ns  ; Reg:inst6|inst3                       ; BO4 ; CLK        ;
; N/A   ; None         ; 12.703 ns  ; Reg:inst6|inst2                       ; BO5 ; CLK        ;
; N/A   ; None         ; 12.690 ns  ; Reg:inst6|inst1                       ; BO6 ; CLK        ;
; N/A   ; None         ; 12.656 ns  ; Reg:inst6|inst                        ; BO7 ; CLK        ;
; N/A   ; None         ; 12.654 ns  ; Reg:inst6|inst8                       ; BO0 ; CLK        ;
; N/A   ; None         ; 12.597 ns  ; Reg:inst7|inst1                       ; D6  ; SelO       ;
; N/A   ; None         ; 12.528 ns  ; Reg:inst6|inst7                       ; BO1 ; CLK        ;
; N/A   ; None         ; 12.507 ns  ; Reg:inst7|inst1                       ; D6  ; CLK        ;
; N/A   ; None         ; 9.664 ns   ; uPC:inst30|74161:inst|f74161:sub|99   ; AD6 ; CLK        ;
; N/A   ; None         ; 9.648 ns   ; uPC:inst30|74161:inst|f74161:sub|110  ; AD7 ; CLK        ;
; N/A   ; None         ; 9.592 ns   ; uPC:inst30|74161:inst|f74161:sub|87   ; AD5 ; CLK        ;
; N/A   ; None         ; 9.307 ns   ; uPC:inst30|74161:inst|f74161:sub|9    ; AD4 ; CLK        ;
; N/A   ; None         ; 9.260 ns   ; uPC:inst30|74161:inst1|f74161:sub|110 ; AD3 ; CLK        ;
; N/A   ; None         ; 8.939 ns   ; uPC:inst30|74161:inst1|f74161:sub|9   ; AD0 ; CLK        ;
; N/A   ; None         ; 8.882 ns   ; uPC:inst30|74161:inst1|f74161:sub|99  ; AD2 ; CLK        ;
; N/A   ; None         ; 8.873 ns   ; uPC:inst30|74161:inst1|f74161:sub|87  ; AD1 ; CLK        ;
+-------+--------------+------------+---------------------------------------+-----+------------+


+------------------------------------------------------------+
; tpd                                                        ;
+-------+-------------------+-----------------+------+-------+
; Slack ; Required P2P Time ; Actual P2P Time ; From ; To    ;
+-------+-------------------+-----------------+------+-------+
; N/A   ; None              ; 7.101 ns        ; CLK  ; uRD   ;
; N/A   ; None              ; 7.101 ns        ; CLK  ; CPuIR ;
+-------+-------------------+-----------------+------+-------+


+----------------------------------------------------------------------------------+
; th                                                                               ;
+---------------+-------------+-----------+-----------+-----------------+----------+
; Minimum Slack ; Required th ; Actual th ; From      ; To              ; To Clock ;
+---------------+-------------+-----------+-----------+-----------------+----------+
; N/A           ; None        ; 1.176 ns  ; A2        ; Reg:inst6|inst5 ; SelB     ;
; N/A           ; None        ; 1.152 ns  ; A3        ; Reg:inst6|inst4 ; SelB     ;
; N/A           ; None        ; 1.009 ns  ; A2        ; Reg:inst|inst5  ; SelA     ;
; N/A           ; None        ; 0.987 ns  ; A3        ; Reg:inst|inst4  ; SelA     ;
; N/A           ; None        ; 0.947 ns  ; A2        ; Reg:inst|inst5  ; CLK      ;
; N/A           ; None        ; 0.925 ns  ; A3        ; Reg:inst|inst4  ; CLK      ;
; N/A           ; None        ; 0.781 ns  ; A5        ; Reg:inst6|inst2 ; SelB     ;
; N/A           ; None        ; 0.777 ns  ; A4        ; Reg:inst6|inst3 ; SelB     ;
; N/A           ; None        ; 0.751 ns  ; A6        ; Reg:inst6|inst1 ; SelB     ;
; N/A           ; None        ; 0.733 ns  ; A0        ; Reg:inst6|inst8 ; SelB     ;
; N/A           ; None        ; 0.631 ns  ; A2        ; Reg:inst6|inst5 ; CLK      ;
; N/A           ; None        ; 0.613 ns  ; A5        ; Reg:inst|inst2  ; SelA     ;
; N/A           ; None        ; 0.612 ns  ; A4        ; Reg:inst|inst3  ; SelA     ;
; N/A           ; None        ; 0.607 ns  ; A3        ; Reg:inst6|inst4 ; CLK      ;
; N/A           ; None        ; 0.584 ns  ; A6        ; Reg:inst|inst1  ; SelA     ;
; N/A           ; None        ; 0.551 ns  ; A5        ; Reg:inst|inst2  ; CLK      ;
; N/A           ; None        ; 0.550 ns  ; A4        ; Reg:inst|inst3  ; CLK      ;
; N/A           ; None        ; 0.522 ns  ; A6        ; Reg:inst|inst1  ; CLK      ;
; N/A           ; None        ; 0.488 ns  ; A1        ; Reg:inst|inst7  ; SelA     ;
; N/A           ; None        ; 0.426 ns  ; A1        ; Reg:inst|inst7  ; CLK      ;
; N/A           ; None        ; 0.364 ns  ; A7        ; Reg:inst6|inst  ; SelB     ;
; N/A           ; None        ; 0.236 ns  ; A5        ; Reg:inst6|inst2 ; CLK      ;
; N/A           ; None        ; 0.232 ns  ; A4        ; Reg:inst6|inst3 ; CLK      ;
; N/A           ; None        ; 0.206 ns  ; A6        ; Reg:inst6|inst1 ; CLK      ;
; N/A           ; None        ; 0.200 ns  ; A7        ; Reg:inst|inst   ; SelA     ;
; N/A           ; None        ; 0.192 ns  ; dist2     ; Reg:inst7|inst8 ; SelO     ;
; N/A           ; None        ; 0.188 ns  ; A0        ; Reg:inst6|inst8 ; CLK      ;
; N/A           ; None        ; 0.140 ns  ; dist1     ; Reg:inst7|inst8 ; SelO     ;
; N/A           ; None        ; 0.138 ns  ; A7        ; Reg:inst|inst   ; CLK      ;
; N/A           ; None        ; 0.124 ns  ; A1        ; Reg:inst6|inst7 ; SelB     ;
; N/A           ; None        ; 0.102 ns  ; dist2     ; Reg:inst7|inst8 ; CLK      ;
; N/A           ; None        ; 0.091 ns  ; dist2     ; Reg:inst7|inst3 ; SelO     ;
; N/A           ; None        ; 0.080 ns  ; direction ; Reg:inst7|inst2 ; SelO     ;
; N/A           ; None        ; 0.076 ns  ; direction ; Reg:inst7|inst4 ; SelO     ;
; N/A           ; None        ; 0.050 ns  ; dist1     ; Reg:inst7|inst8 ; CLK      ;
; N/A           ; None        ; 0.001 ns  ; dist2     ; Reg:inst7|inst3 ; CLK      ;
; N/A           ; None        ; -0.010 ns ; direction ; Reg:inst7|inst2 ; CLK      ;
; N/A           ; None        ; -0.014 ns ; direction ; Reg:inst7|inst4 ; CLK      ;
; N/A           ; None        ; -0.181 ns ; A7        ; Reg:inst6|inst  ; CLK      ;
; N/A           ; None        ; -0.265 ns ; dist1     ; Reg:inst7|inst1 ; SelO     ;
; N/A           ; None        ; -0.275 ns ; dist1     ; Reg:inst7|inst7 ; SelO     ;
; N/A           ; None        ; -0.306 ns ; dist1     ; Reg:inst7|inst  ; SelO     ;
; N/A           ; None        ; -0.355 ns ; dist1     ; Reg:inst7|inst1 ; CLK      ;
; N/A           ; None        ; -0.365 ns ; dist1     ; Reg:inst7|inst7 ; CLK      ;
; N/A           ; None        ; -0.396 ns ; dist1     ; Reg:inst7|inst  ; CLK      ;
; N/A           ; None        ; -0.421 ns ; A1        ; Reg:inst6|inst7 ; CLK      ;
; N/A           ; None        ; -0.480 ns ; direction ; Reg:inst7|inst  ; SelO     ;
; N/A           ; None        ; -0.570 ns ; direction ; Reg:inst7|inst  ; CLK      ;
; N/A           ; None        ; -0.624 ns ; dist2     ; Reg:inst7|inst5 ; SelO     ;
; N/A           ; None        ; -0.646 ns ; dist2     ; Reg:inst7|inst1 ; SelO     ;
; N/A           ; None        ; -0.652 ns ; direction ; Reg:inst7|inst7 ; SelO     ;
; N/A           ; None        ; -0.669 ns ; direction ; Reg:inst7|inst3 ; SelO     ;
; N/A           ; None        ; -0.714 ns ; dist2     ; Reg:inst7|inst5 ; CLK      ;
; N/A           ; None        ; -0.736 ns ; dist2     ; Reg:inst7|inst1 ; CLK      ;
; N/A           ; None        ; -0.742 ns ; direction ; Reg:inst7|inst7 ; CLK      ;
; N/A           ; None        ; -0.742 ns ; dist2     ; Reg:inst7|inst  ; SelO     ;
; N/A           ; None        ; -0.742 ns ; dist2     ; Reg:inst7|inst7 ; SelO     ;
; N/A           ; None        ; -0.751 ns ; dist2     ; Reg:inst7|inst4 ; SelO     ;
; N/A           ; None        ; -0.753 ns ; dist2     ; Reg:inst7|inst2 ; SelO     ;
; N/A           ; None        ; -0.759 ns ; direction ; Reg:inst7|inst3 ; CLK      ;
; N/A           ; None        ; -0.806 ns ; dist0     ; Reg:inst7|inst  ; SelO     ;
; N/A           ; None        ; -0.828 ns ; dist1     ; Reg:inst7|inst5 ; SelO     ;
; N/A           ; None        ; -0.832 ns ; dist2     ; Reg:inst7|inst  ; CLK      ;
; N/A           ; None        ; -0.832 ns ; dist2     ; Reg:inst7|inst7 ; CLK      ;
; N/A           ; None        ; -0.841 ns ; dist2     ; Reg:inst7|inst4 ; CLK      ;
; N/A           ; None        ; -0.843 ns ; dist2     ; Reg:inst7|inst2 ; CLK      ;
; N/A           ; None        ; -0.859 ns ; dist0     ; Reg:inst7|inst2 ; SelO     ;
; N/A           ; None        ; -0.891 ns ; dist1     ; Reg:inst7|inst4 ; SelO     ;
; N/A           ; None        ; -0.896 ns ; dist0     ; Reg:inst7|inst  ; CLK      ;
; N/A           ; None        ; -0.918 ns ; dist1     ; Reg:inst7|inst5 ; CLK      ;
; N/A           ; None        ; -0.931 ns ; A0        ; Reg:inst|inst8  ; SelA     ;
; N/A           ; None        ; -0.949 ns ; dist0     ; Reg:inst7|inst2 ; CLK      ;
; N/A           ; None        ; -0.976 ns ; direction ; Reg:inst7|inst8 ; SelO     ;
; N/A           ; None        ; -0.981 ns ; dist1     ; Reg:inst7|inst4 ; CLK      ;
; N/A           ; None        ; -0.993 ns ; A0        ; Reg:inst|inst8  ; CLK      ;
; N/A           ; None        ; -1.066 ns ; direction ; Reg:inst7|inst8 ; CLK      ;
; N/A           ; None        ; -1.072 ns ; dist0     ; Reg:inst7|inst7 ; SelO     ;
; N/A           ; None        ; -1.162 ns ; dist0     ; Reg:inst7|inst7 ; CLK      ;
; N/A           ; None        ; -1.177 ns ; direction ; Reg:inst7|inst5 ; SelO     ;
; N/A           ; None        ; -1.267 ns ; direction ; Reg:inst7|inst5 ; CLK      ;
; N/A           ; None        ; -1.323 ns ; dist1     ; Reg:inst7|inst2 ; SelO     ;
; N/A           ; None        ; -1.340 ns ; dist0     ; Reg:inst7|inst8 ; SelO     ;
; N/A           ; None        ; -1.413 ns ; dist1     ; Reg:inst7|inst2 ; CLK      ;
; N/A           ; None        ; -1.430 ns ; dist0     ; Reg:inst7|inst8 ; CLK      ;
; N/A           ; None        ; -1.544 ns ; M         ; Reg:inst7|inst  ; SelO     ;
; N/A           ; None        ; -1.558 ns ; dist0     ; Reg:inst7|inst4 ; SelO     ;
; N/A           ; None        ; -1.590 ns ; dist0     ; Reg:inst7|inst1 ; SelO     ;
; N/A           ; None        ; -1.634 ns ; M         ; Reg:inst7|inst  ; CLK      ;
; N/A           ; None        ; -1.648 ns ; dist0     ; Reg:inst7|inst4 ; CLK      ;
; N/A           ; None        ; -1.680 ns ; dist0     ; Reg:inst7|inst1 ; CLK      ;
; N/A           ; None        ; -1.693 ns ; dist1     ; Reg:inst7|inst3 ; SelO     ;
; N/A           ; None        ; -1.783 ns ; dist1     ; Reg:inst7|inst3 ; CLK      ;
; N/A           ; None        ; -1.845 ns ; dist0     ; Reg:inst7|inst3 ; SelO     ;
; N/A           ; None        ; -1.935 ns ; dist0     ; Reg:inst7|inst3 ; CLK      ;
; N/A           ; None        ; -1.977 ns ; M         ; Reg:inst7|inst8 ; SelO     ;
; N/A           ; None        ; -2.067 ns ; M         ; Reg:inst7|inst8 ; CLK      ;
; N/A           ; None        ; -2.145 ns ; direction ; Reg:inst7|inst1 ; SelO     ;
; N/A           ; None        ; -2.153 ns ; dist0     ; Reg:inst7|inst5 ; SelO     ;
; N/A           ; None        ; -2.235 ns ; direction ; Reg:inst7|inst1 ; CLK      ;
; N/A           ; None        ; -2.243 ns ; dist0     ; Reg:inst7|inst5 ; CLK      ;
; N/A           ; None        ; -2.296 ns ; M         ; Reg:inst7|inst4 ; SelO     ;
; N/A           ; None        ; -2.386 ns ; M         ; Reg:inst7|inst4 ; CLK      ;
; N/A           ; None        ; -2.431 ns ; M         ; Reg:inst7|inst7 ; SelO     ;
; N/A           ; None        ; -2.521 ns ; M         ; Reg:inst7|inst7 ; CLK      ;
; N/A           ; None        ; -2.580 ns ; M         ; Reg:inst7|inst2 ; SelO     ;
; N/A           ; None        ; -2.670 ns ; M         ; Reg:inst7|inst2 ; CLK      ;
; N/A           ; None        ; -2.962 ns ; S0        ; Reg:inst7|inst  ; SelO     ;
; N/A           ; None        ; -2.962 ns ; S3        ; Reg:inst7|inst  ; SelO     ;
; N/A           ; None        ; -2.967 ns ; M         ; Reg:inst7|inst3 ; SelO     ;
; N/A           ; None        ; -3.010 ns ; S2        ; Reg:inst7|inst  ; SelO     ;
; N/A           ; None        ; -3.044 ns ; S1        ; Reg:inst7|inst  ; SelO     ;
; N/A           ; None        ; -3.052 ns ; S0        ; Reg:inst7|inst  ; CLK      ;
; N/A           ; None        ; -3.052 ns ; S3        ; Reg:inst7|inst  ; CLK      ;
; N/A           ; None        ; -3.057 ns ; M         ; Reg:inst7|inst3 ; CLK      ;
; N/A           ; None        ; -3.100 ns ; S2        ; Reg:inst7|inst  ; CLK      ;
; N/A           ; None        ; -3.134 ns ; S1        ; Reg:inst7|inst  ; CLK      ;
; N/A           ; None        ; -3.664 ns ; S3        ; Reg:inst7|inst2 ; SelO     ;
; N/A           ; None        ; -3.677 ns ; M         ; Reg:inst7|inst1 ; SelO     ;
; N/A           ; None        ; -3.712 ns ; S2        ; Reg:inst7|inst2 ; SelO     ;
; N/A           ; None        ; -3.714 ns ; S0        ; Reg:inst7|inst4 ; SelO     ;
; N/A           ; None        ; -3.714 ns ; S3        ; Reg:inst7|inst4 ; SelO     ;
; N/A           ; None        ; -3.725 ns ; S0        ; Reg:inst7|inst8 ; SelO     ;
; N/A           ; None        ; -3.754 ns ; S3        ; Reg:inst7|inst2 ; CLK      ;
; N/A           ; None        ; -3.762 ns ; S2        ; Reg:inst7|inst4 ; SelO     ;
; N/A           ; None        ; -3.767 ns ; M         ; Reg:inst7|inst1 ; CLK      ;
; N/A           ; None        ; -3.796 ns ; S1        ; Reg:inst7|inst4 ; SelO     ;
; N/A           ; None        ; -3.802 ns ; S2        ; Reg:inst7|inst2 ; CLK      ;
; N/A           ; None        ; -3.803 ns ; S1        ; Reg:inst7|inst8 ; SelO     ;
; N/A           ; None        ; -3.804 ns ; S0        ; Reg:inst7|inst4 ; CLK      ;
; N/A           ; None        ; -3.804 ns ; S3        ; Reg:inst7|inst4 ; CLK      ;
; N/A           ; None        ; -3.815 ns ; S0        ; Reg:inst7|inst8 ; CLK      ;
; N/A           ; None        ; -3.852 ns ; S2        ; Reg:inst7|inst4 ; CLK      ;
; N/A           ; None        ; -3.868 ns ; CN        ; Reg:inst7|inst8 ; SelO     ;
; N/A           ; None        ; -3.877 ns ; S3        ; Reg:inst7|inst7 ; SelO     ;
; N/A           ; None        ; -3.886 ns ; S1        ; Reg:inst7|inst4 ; CLK      ;
; N/A           ; None        ; -3.893 ns ; S1        ; Reg:inst7|inst8 ; CLK      ;
; N/A           ; None        ; -3.925 ns ; S2        ; Reg:inst7|inst7 ; SelO     ;
; N/A           ; None        ; -3.958 ns ; CN        ; Reg:inst7|inst8 ; CLK      ;
; N/A           ; None        ; -3.964 ns ; S0        ; Reg:inst7|inst2 ; SelO     ;
; N/A           ; None        ; -3.967 ns ; S3        ; Reg:inst7|inst7 ; CLK      ;
; N/A           ; None        ; -3.986 ns ; S3        ; Reg:inst7|inst8 ; SelO     ;
; N/A           ; None        ; -4.015 ns ; S2        ; Reg:inst7|inst7 ; CLK      ;
; N/A           ; None        ; -4.034 ns ; S2        ; Reg:inst7|inst8 ; SelO     ;
; N/A           ; None        ; -4.046 ns ; S1        ; Reg:inst7|inst2 ; SelO     ;
; N/A           ; None        ; -4.054 ns ; S0        ; Reg:inst7|inst2 ; CLK      ;
; N/A           ; None        ; -4.076 ns ; S3        ; Reg:inst7|inst8 ; CLK      ;
; N/A           ; None        ; -4.098 ns ; M         ; Reg:inst7|inst5 ; SelO     ;
; N/A           ; None        ; -4.124 ns ; S2        ; Reg:inst7|inst8 ; CLK      ;
; N/A           ; None        ; -4.136 ns ; S1        ; Reg:inst7|inst2 ; CLK      ;
; N/A           ; None        ; -4.177 ns ; S0        ; Reg:inst7|inst7 ; SelO     ;
; N/A           ; None        ; -4.188 ns ; M         ; Reg:inst7|inst5 ; CLK      ;
; N/A           ; None        ; -4.257 ns ; S1        ; Reg:inst7|inst7 ; SelO     ;
; N/A           ; None        ; -4.267 ns ; S0        ; Reg:inst7|inst7 ; CLK      ;
; N/A           ; None        ; -4.347 ns ; S1        ; Reg:inst7|inst7 ; CLK      ;
; N/A           ; None        ; -4.699 ns ; S0        ; Reg:inst7|inst3 ; SelO     ;
; N/A           ; None        ; -4.772 ns ; S1        ; Reg:inst7|inst3 ; SelO     ;
; N/A           ; None        ; -4.785 ns ; CN        ; Reg:inst7|inst3 ; SelO     ;
; N/A           ; None        ; -4.789 ns ; S0        ; Reg:inst7|inst3 ; CLK      ;
; N/A           ; None        ; -4.801 ns ; CN        ; Reg:inst7|inst7 ; SelO     ;
; N/A           ; None        ; -4.862 ns ; S1        ; Reg:inst7|inst3 ; CLK      ;
; N/A           ; None        ; -4.875 ns ; CN        ; Reg:inst7|inst3 ; CLK      ;
; N/A           ; None        ; -4.891 ns ; CN        ; Reg:inst7|inst7 ; CLK      ;
; N/A           ; None        ; -4.972 ns ; S3        ; Reg:inst7|inst3 ; SelO     ;
; N/A           ; None        ; -5.020 ns ; S2        ; Reg:inst7|inst3 ; SelO     ;
; N/A           ; None        ; -5.062 ns ; S3        ; Reg:inst7|inst3 ; CLK      ;
; N/A           ; None        ; -5.090 ns ; S3        ; Reg:inst7|inst1 ; SelO     ;
; N/A           ; None        ; -5.110 ns ; S2        ; Reg:inst7|inst3 ; CLK      ;
; N/A           ; None        ; -5.138 ns ; S2        ; Reg:inst7|inst1 ; SelO     ;
; N/A           ; None        ; -5.180 ns ; S3        ; Reg:inst7|inst1 ; CLK      ;
; N/A           ; None        ; -5.228 ns ; S2        ; Reg:inst7|inst1 ; CLK      ;
; N/A           ; None        ; -5.330 ns ; S0        ; Reg:inst7|inst1 ; SelO     ;
; N/A           ; None        ; -5.350 ns ; CN        ; Reg:inst7|inst  ; SelO     ;
; N/A           ; None        ; -5.412 ns ; S1        ; Reg:inst7|inst1 ; SelO     ;
; N/A           ; None        ; -5.420 ns ; S0        ; Reg:inst7|inst1 ; CLK      ;
; N/A           ; None        ; -5.440 ns ; CN        ; Reg:inst7|inst  ; CLK      ;
; N/A           ; None        ; -5.460 ns ; CN        ; Reg:inst7|inst1 ; SelO     ;
; N/A           ; None        ; -5.489 ns ; CN        ; Reg:inst7|inst4 ; SelO     ;
; N/A           ; None        ; -5.502 ns ; S1        ; Reg:inst7|inst1 ; CLK      ;
; N/A           ; None        ; -5.550 ns ; CN        ; Reg:inst7|inst1 ; CLK      ;
; N/A           ; None        ; -5.579 ns ; CN        ; Reg:inst7|inst4 ; CLK      ;
; N/A           ; None        ; -5.653 ns ; S3        ; Reg:inst7|inst5 ; SelO     ;
; N/A           ; None        ; -5.701 ns ; S2        ; Reg:inst7|inst5 ; SelO     ;
; N/A           ; None        ; -5.743 ns ; S3        ; Reg:inst7|inst5 ; CLK      ;
; N/A           ; None        ; -5.791 ns ; S2        ; Reg:inst7|inst5 ; CLK      ;
; N/A           ; None        ; -5.820 ns ; CN        ; Reg:inst7|inst2 ; SelO     ;
; N/A           ; None        ; -5.830 ns ; S0        ; Reg:inst7|inst5 ; SelO     ;
; N/A           ; None        ; -5.903 ns ; S1        ; Reg:inst7|inst5 ; SelO     ;
; N/A           ; None        ; -5.910 ns ; CN        ; Reg:inst7|inst2 ; CLK      ;
; N/A           ; None        ; -5.916 ns ; CN        ; Reg:inst7|inst5 ; SelO     ;
; N/A           ; None        ; -5.920 ns ; S0        ; Reg:inst7|inst5 ; CLK      ;
; N/A           ; None        ; -5.993 ns ; S1        ; Reg:inst7|inst5 ; CLK      ;
; N/A           ; None        ; -6.006 ns ; CN        ; Reg:inst7|inst5 ; CLK      ;
+---------------+-------------+-----------+-----------+-----------------+----------+


+--------------------------+
; Timing Analyzer Messages ;
+--------------------------+
Info: *******************************************************************
Info: Running Quartus II Classic Timing Analyzer
    Info: Version 8.1 Build 163 10/28/2008 SJ Web Edition
    Info: Processing started: Mon Dec 04 20:25:06 2017
Info: Command: quartus_tan --read_settings_files=off --write_settings_files=off EXP1 -c EXP1 --timing_analysis_only
Warning: Found pins functioning as undefined clocks and/or memory enables
    Info: Assuming node "SelO" is an undefined clock
    Info: Assuming node "CLK" is an undefined clock
    Info: Assuming node "SelA" is an undefined clock
    Info: Assuming node "SelB" is an undefined clock
Warning: Found 3 node(s) in clock paths which may be acting as ripple and/or gated clocks -- node(s) analyzed as buffer(s) resulting in clock skew
    Info: Detected gated clock "inst4" as buffer
    Info: Detected gated clock "inst3" as buffer
    Info: Detected gated clock "inst1" as buffer
Info: No valid register-to-register data paths exist for clock "SelO"
Info: Clock "CLK" has Internal fmax of 75.1 MHz between source register "Reg:inst|inst7" and destination register "Reg:inst7|inst8" (period= 13.316 ns)
    Info: + Longest register to register delay is 12.932 ns
        Info: 1: + IC(0.000 ns) + CELL(0.000 ns) = 0.000 ns; Loc. = LCFF_X33_Y8_N11; Fanout = 3; REG Node = 'Reg:inst|inst7'
        Info: 2: + IC(1.858 ns) + CELL(0.206 ns) = 2.064 ns; Loc. = LCCOMB_X25_Y11_N18; Fanout = 4; COMB Node = 'ALU:inst35|74181:inst1|44~17'
        Info: 3: + IC(1.838 ns) + CELL(0.206 ns) = 4.108 ns; Loc. = LCCOMB_X33_Y8_N0; Fanout = 1; COMB Node = 'ALU:inst35|74181:inst1|78~76'
        Info: 4: + IC(0.368 ns) + CELL(0.206 ns) = 4.682 ns; Loc. = LCCOMB_X33_Y8_N18; Fanout = 3; COMB Node = 'ALU:inst35|74181:inst1|78~77'
        Info: 5: + IC(1.096 ns) + CELL(0.206 ns) = 5.984 ns; Loc. = LCCOMB_X32_Y4_N12; Fanout = 2; COMB Node = 'ALU:inst35|74181:inst|75~79'
        Info: 6: + IC(1.103 ns) + CELL(0.206 ns) = 7.293 ns; Loc. = LCCOMB_X32_Y5_N0; Fanout = 1; COMB Node = 'ALU:inst35|74181:inst|74~42'
        Info: 7: + IC(0.368 ns) + CELL(0.206 ns) = 7.867 ns; Loc. = LCCOMB_X32_Y5_N18; Fanout = 3; COMB Node = 'ALU:inst35|74181:inst|77'
        Info: 8: + IC(1.948 ns) + CELL(0.366 ns) = 10.181 ns; Loc. = LCCOMB_X31_Y14_N4; Fanout = 3; COMB Node = 'lpm_clshift0:inst2|lpm_clshift:lpm_clshift_component|lpm_clshift_gic:auto_generated|sbit_w[14]~853'
        Info: 9: + IC(0.386 ns) + CELL(0.370 ns) = 10.937 ns; Loc. = LCCOMB_X31_Y14_N10; Fanout = 1; COMB Node = 'lpm_clshift0:inst2|lpm_clshift:lpm_clshift_component|lpm_clshift_gic:auto_generated|sbit_w[24]~875'
        Info: 10: + IC(1.535 ns) + CELL(0.460 ns) = 12.932 ns; Loc. = LCFF_X30_Y7_N9; Fanout = 1; REG Node = 'Reg:inst7|inst8'
        Info: Total cell delay = 2.432 ns ( 18.81 % )
        Info: Total interconnect delay = 10.500 ns ( 81.19 % )
    Info: - Smallest clock skew is -0.120 ns
        Info: + Shortest clock path from clock "CLK" to destination register is 7.589 ns
            Info: 1: + IC(0.000 ns) + CELL(1.150 ns) = 1.150 ns; Loc. = PIN_132; Fanout = 6; CLK Node = 'CLK'
            Info: 2: + IC(2.092 ns) + CELL(0.537 ns) = 3.779 ns; Loc. = LCCOMB_X13_Y5_N16; Fanout = 1; COMB Node = 'inst1'
            Info: 3: + IC(2.235 ns) + CELL(0.000 ns) = 6.014 ns; Loc. = CLKCTRL_G2; Fanout = 8; COMB Node = 'inst1~clkctrl'
            Info: 4: + IC(0.909 ns) + CELL(0.666 ns) = 7.589 ns; Loc. = LCFF_X30_Y7_N9; Fanout = 1; REG Node = 'Reg:inst7|inst8'
            Info: Total cell delay = 2.353 ns ( 31.01 % )
            Info: Total interconnect delay = 5.236 ns ( 68.99 % )
        Info: - Longest clock path from clock "CLK" to source register is 7.709 ns
            Info: 1: + IC(0.000 ns) + CELL(1.150 ns) = 1.150 ns; Loc. = PIN_132; Fanout = 6; CLK Node = 'CLK'
            Info: 2: + IC(2.071 ns) + CELL(0.370 ns) = 3.591 ns; Loc. = LCCOMB_X13_Y5_N26; Fanout = 1; COMB Node = 'inst3'
            Info: 3: + IC(2.552 ns) + CELL(0.000 ns) = 6.143 ns; Loc. = CLKCTRL_G7; Fanout = 8; COMB Node = 'inst3~clkctrl'
            Info: 4: + IC(0.900 ns) + CELL(0.666 ns) = 7.709 ns; Loc. = LCFF_X33_Y8_N11; Fanout = 3; REG Node = 'Reg:inst|inst7'
            Info: Total cell delay = 2.186 ns ( 28.36 % )
            Info: Total interconnect delay = 5.523 ns ( 71.64 % )
    Info: + Micro clock to output delay of source is 0.304 ns
    Info: + Micro setup delay of destination is -0.040 ns
Info: No valid register-to-register data paths exist for clock "SelA"
Info: No valid register-to-register data paths exist for clock "SelB"
Info: tsu for register "Reg:inst7|inst8" (data pin = "S1", clock pin = "CLK") is 11.800 ns
    Info: + Longest pin to register delay is 19.429 ns
        Info: 1: + IC(0.000 ns) + CELL(0.964 ns) = 0.964 ns; Loc. = PIN_92; Fanout = 8; PIN Node = 'S1'
        Info: 2: + IC(6.608 ns) + CELL(0.651 ns) = 8.223 ns; Loc. = LCCOMB_X33_Y8_N4; Fanout = 3; COMB Node = 'ALU:inst35|74181:inst1|43~17'
        Info: 3: + IC(2.172 ns) + CELL(0.206 ns) = 10.601 ns; Loc. = LCCOMB_X25_Y11_N20; Fanout = 1; COMB Node = 'ALU:inst35|74181:inst1|79'
        Info: 4: + IC(1.807 ns) + CELL(0.206 ns) = 12.614 ns; Loc. = LCCOMB_X30_Y7_N16; Fanout = 3; COMB Node = 'ALU:inst35|74181:inst1|81'
        Info: 5: + IC(0.393 ns) + CELL(0.370 ns) = 13.377 ns; Loc. = LCCOMB_X30_Y7_N30; Fanout = 2; COMB Node = 'lpm_clshift0:inst2|lpm_clshift:lpm_clshift_component|lpm_clshift_gic:auto_generated|sbit_w[10]~856'
        Info: 6: + IC(0.371 ns) + CELL(0.206 ns) = 13.954 ns; Loc. = LCCOMB_X30_Y7_N0; Fanout = 3; COMB Node = 'lpm_clshift0:inst2|lpm_clshift:lpm_clshift_component|lpm_clshift_gic:auto_generated|sbit_w[10]~857'
        Info: 7: + IC(1.021 ns) + CELL(0.370 ns) = 15.345 ns; Loc. = LCCOMB_X33_Y8_N20; Fanout = 2; COMB Node = 'lpm_clshift0:inst2|lpm_clshift:lpm_clshift_component|lpm_clshift_gic:auto_generated|sbit_w[20]~867'
        Info: 8: + IC(1.887 ns) + CELL(0.202 ns) = 17.434 ns; Loc. = LCCOMB_X31_Y14_N10; Fanout = 1; COMB Node = 'lpm_clshift0:inst2|lpm_clshift:lpm_clshift_component|lpm_clshift_gic:auto_generated|sbit_w[24]~875'
        Info: 9: + IC(1.535 ns) + CELL(0.460 ns) = 19.429 ns; Loc. = LCFF_X30_Y7_N9; Fanout = 1; REG Node = 'Reg:inst7|inst8'
        Info: Total cell delay = 3.635 ns ( 18.71 % )
        Info: Total interconnect delay = 15.794 ns ( 81.29 % )
    Info: + Micro setup delay of destination is -0.040 ns
    Info: - Shortest clock path from clock "CLK" to destination register is 7.589 ns
        Info: 1: + IC(0.000 ns) + CELL(1.150 ns) = 1.150 ns; Loc. = PIN_132; Fanout = 6; CLK Node = 'CLK'
        Info: 2: + IC(2.092 ns) + CELL(0.537 ns) = 3.779 ns; Loc. = LCCOMB_X13_Y5_N16; Fanout = 1; COMB Node = 'inst1'
        Info: 3: + IC(2.235 ns) + CELL(0.000 ns) = 6.014 ns; Loc. = CLKCTRL_G2; Fanout = 8; COMB Node = 'inst1~clkctrl'
        Info: 4: + IC(0.909 ns) + CELL(0.666 ns) = 7.589 ns; Loc. = LCFF_X30_Y7_N9; Fanout = 1; REG Node = 'Reg:inst7|inst8'
        Info: Total cell delay = 2.353 ns ( 31.01 % )
        Info: Total interconnect delay = 5.236 ns ( 68.99 % )
Info: tco from clock "SelA" to destination pin "AO4" through register "Reg:inst|inst3" is 15.892 ns
    Info: + Longest clock path from clock "SelA" to source register is 7.798 ns
        Info: 1: + IC(0.000 ns) + CELL(0.974 ns) = 0.974 ns; Loc. = PIN_99; Fanout = 1; CLK Node = 'SelA'
        Info: 2: + IC(2.473 ns) + CELL(0.206 ns) = 3.653 ns; Loc. = LCCOMB_X13_Y5_N26; Fanout = 1; COMB Node = 'inst3'
        Info: 3: + IC(2.552 ns) + CELL(0.000 ns) = 6.205 ns; Loc. = CLKCTRL_G7; Fanout = 8; COMB Node = 'inst3~clkctrl'
        Info: 4: + IC(0.927 ns) + CELL(0.666 ns) = 7.798 ns; Loc. = LCFF_X32_Y4_N21; Fanout = 3; REG Node = 'Reg:inst|inst3'
        Info: Total cell delay = 1.846 ns ( 23.67 % )
        Info: Total interconnect delay = 5.952 ns ( 76.33 % )
    Info: + Micro clock to output delay of source is 0.304 ns
    Info: + Longest register to pin delay is 7.790 ns
        Info: 1: + IC(0.000 ns) + CELL(0.000 ns) = 0.000 ns; Loc. = LCFF_X32_Y4_N21; Fanout = 3; REG Node = 'Reg:inst|inst3'
        Info: 2: + IC(4.684 ns) + CELL(3.106 ns) = 7.790 ns; Loc. = PIN_15; Fanout = 0; PIN Node = 'AO4'
        Info: Total cell delay = 3.106 ns ( 39.87 % )
        Info: Total interconnect delay = 4.684 ns ( 60.13 % )
Info: Longest tpd from source pin "CLK" to destination pin "uRD" is 7.101 ns
    Info: 1: + IC(0.000 ns) + CELL(1.150 ns) = 1.150 ns; Loc. = PIN_132; Fanout = 6; CLK Node = 'CLK'
    Info: 2: + IC(2.655 ns) + CELL(3.296 ns) = 7.101 ns; Loc. = PIN_60; Fanout = 0; PIN Node = 'uRD'
    Info: Total cell delay = 4.446 ns ( 62.61 % )
    Info: Total interconnect delay = 2.655 ns ( 37.39 % )
Info: th for register "Reg:inst6|inst5" (data pin = "A2", clock pin = "SelB") is 1.176 ns
    Info: + Longest clock path from clock "SelB" to destination register is 7.964 ns
        Info: 1: + IC(0.000 ns) + CELL(0.994 ns) = 0.994 ns; Loc. = PIN_97; Fanout = 1; CLK Node = 'SelB'
        Info: 2: + IC(2.518 ns) + CELL(0.623 ns) = 4.135 ns; Loc. = LCCOMB_X13_Y5_N20; Fanout = 1; COMB Node = 'inst4'
        Info: 3: + IC(2.236 ns) + CELL(0.000 ns) = 6.371 ns; Loc. = CLKCTRL_G3; Fanout = 8; COMB Node = 'inst4~clkctrl'
        Info: 4: + IC(0.927 ns) + CELL(0.666 ns) = 7.964 ns; Loc. = LCFF_X32_Y4_N29; Fanout = 3; REG Node = 'Reg:inst6|inst5'
        Info: Total cell delay = 2.283 ns ( 28.67 % )
        Info: Total interconnect delay = 5.681 ns ( 71.33 % )
    Info: + Micro hold delay of destination is 0.306 ns
    Info: - Shortest pin to register delay is 7.094 ns
        Info: 1: + IC(0.000 ns) + CELL(0.995 ns) = 0.995 ns; Loc. = PIN_114; Fanout = 2; PIN Node = 'A2'
        Info: 2: + IC(5.639 ns) + CELL(0.460 ns) = 7.094 ns; Loc. = LCFF_X32_Y4_N29; Fanout = 3; REG Node = 'Reg:inst6|inst5'
        Info: Total cell delay = 1.455 ns ( 20.51 % )
        Info: Total interconnect delay = 5.639 ns ( 79.49 % )
Info: Quartus II Classic Timing Analyzer was successful. 0 errors, 2 warnings
    Info: Peak virtual memory: 212 megabytes
    Info: Processing ended: Mon Dec 04 20:25:06 2017
    Info: Elapsed time: 00:00:00
    Info: Total CPU time (on all processors): 00:00:00


